#
# There is insufficient memory for the Java Runtime Environment to continue.
# Native memory allocation (malloc) failed to allocate 1099696 bytes for Chunk::new
# Possible reasons:
#   The system is out of physical RAM or swap space
#   The process is running with CompressedOops enabled, and the Java Heap may be blocking the growth of the native heap
# Possible solutions:
#   Reduce memory load on the system
#   Increase physical memory or swap space
#   Check if swap backing store is full
#   Decrease Java heap size (-Xmx/-Xms)
#   Decrease number of Java threads
#   Decrease Java thread stack sizes (-Xss)
#   Set larger code cache with -XX:ReservedCodeCacheSize=
#   JVM is running with Unscaled Compressed Oops mode in which the Java heap is
#     placed in the first 4GB address space. The Java Heap base address is the
#     maximum limit for the native heap growth. Please use -XX:HeapBaseMinAddress
#     to set the Java Heap base and to place the Java Heap above 4GB virtual address.
# This output file may be truncated or incomplete.
#
#  Out of Memory Error (arena.cpp:189), pid=1960, tid=13936
#
# JRE version: Java(TM) SE Runtime Environment (17.0.10+11) (build 17.0.10+11-LTS-240)
# Java VM: Java HotSpot(TM) 64-Bit Server VM (17.0.10+11-LTS-240, mixed mode, sharing, tiered, compressed oops, compressed class ptrs, g1 gc, windows-amd64)
# No core dump will be written. Minidumps are not enabled by default on client versions of Windows
#

---------------  S U M M A R Y ------------

Command Line: -XX:+ShowCodeDetailsInExceptionMessages com.app.backend.BackendApplication

Host: Intel(R) Core(TM) i5-7200U CPU @ 2.50GHz, 4 cores, 7G,  Windows 10 , 64 bit Build 19041 (10.0.19041.1348)
Time: Fri Jul  5 01:33:41 2024 Afr. centrale Ouest elapsed time: 306.211585 seconds (0d 0h 5m 6s)

---------------  T H R E A D  ---------------

Current thread (0x000001fb7f18ddb0):  JavaThread "C2 CompilerThread0" daemon [_thread_in_native, id=13936, stack(0x0000009c43800000,0x0000009c43900000)]


Current CompileTask:
C2: 306212 11694       4       org.springframework.util.AntPathMatcher::doMatch (650 bytes)

Stack: [0x0000009c43800000,0x0000009c43900000]
Native frames: (J=compiled Java code, j=interpreted, Vv=VM code, C=native code)
V  [jvm.dll+0x677a5a]
V  [jvm.dll+0x7d8b2d]
V  [jvm.dll+0x7da48e]
V  [jvm.dll+0x7daaf3]
V  [jvm.dll+0x2455ff]
V  [jvm.dll+0xaaafb]
V  [jvm.dll+0xab09c]
V  [jvm.dll+0x2aafef]
V  [jvm.dll+0x57fd55]
V  [jvm.dll+0x220472]
V  [jvm.dll+0x22084f]
V  [jvm.dll+0x2197a6]
V  [jvm.dll+0x216c79]
V  [jvm.dll+0x1a3410]
V  [jvm.dll+0x226aeb]
V  [jvm.dll+0x224cab]
V  [jvm.dll+0x78e45c]
V  [jvm.dll+0x78888a]
V  [jvm.dll+0x676935]
C  [ucrtbase.dll+0x21bb2]
C  [KERNEL32.DLL+0x17034]
C  [ntdll.dll+0x52651]


---------------  P R O C E S S  ---------------

Threads class SMR info:
_java_thread_list=0x000001fb48cb21b0, length=34, elements={
0x000001fb7f1730d0, 0x000001fb7f173e60, 0x000001fb7f187560, 0x000001fb7f18af50,
0x000001fb7f18b820, 0x000001fb7f18d100, 0x000001fb7f18ddb0, 0x000001fb7f18e770,
0x000001fb7f1949a0, 0x000001fb7f3fd1b0, 0x000001fb7f42bd80, 0x000001fb4575ce40,
0x000001fb4575d860, 0x000001fb46486570, 0x000001fb464879b0, 0x000001fb4648a740,
0x000001fb4648bb80, 0x000001fb4648a230, 0x000001fb4648cab0, 0x000001fb464888e0,
0x000001fb46486a80, 0x000001fb4648c5a0, 0x000001fb46487ec0, 0x000001fb46489d20,
0x000001fb4648ac50, 0x000001fb4648cfc0, 0x000001fb4648b160, 0x000001fb4648b670,
0x000001fb4648c090, 0x000001fb46486060, 0x000001fb464874a0, 0x000001fb464883d0,
0x000001fb4648d4d0, 0x000001fb4648d9e0
}

Java Threads: ( => current thread )
  0x000001fb7f1730d0 JavaThread "Reference Handler" daemon [_thread_blocked, id=13880, stack(0x0000009c43200000,0x0000009c43300000)]
  0x000001fb7f173e60 JavaThread "Finalizer" daemon [_thread_blocked, id=5808, stack(0x0000009c43300000,0x0000009c43400000)]
  0x000001fb7f187560 JavaThread "Signal Dispatcher" daemon [_thread_blocked, id=14380, stack(0x0000009c43400000,0x0000009c43500000)]
  0x000001fb7f18af50 JavaThread "Attach Listener" daemon [_thread_blocked, id=2672, stack(0x0000009c43500000,0x0000009c43600000)]
  0x000001fb7f18b820 JavaThread "Service Thread" daemon [_thread_blocked, id=12716, stack(0x0000009c43600000,0x0000009c43700000)]
  0x000001fb7f18d100 JavaThread "Monitor Deflation Thread" daemon [_thread_blocked, id=3096, stack(0x0000009c43700000,0x0000009c43800000)]
=>0x000001fb7f18ddb0 JavaThread "C2 CompilerThread0" daemon [_thread_in_native, id=13936, stack(0x0000009c43800000,0x0000009c43900000)]
  0x000001fb7f18e770 JavaThread "C1 CompilerThread0" daemon [_thread_blocked, id=6996, stack(0x0000009c43900000,0x0000009c43a00000)]
  0x000001fb7f1949a0 JavaThread "Sweeper thread" daemon [_thread_blocked, id=3100, stack(0x0000009c43a00000,0x0000009c43b00000)]
  0x000001fb7f3fd1b0 JavaThread "Notification Thread" daemon [_thread_blocked, id=7056, stack(0x0000009c43b00000,0x0000009c43c00000)]
  0x000001fb7f42bd80 JavaThread "Common-Cleaner" daemon [_thread_blocked, id=10748, stack(0x0000009c43d00000,0x0000009c43e00000)]
  0x000001fb4575ce40 JavaThread "HikariPool-1 housekeeper" daemon [_thread_blocked, id=7292, stack(0x0000009c44500000,0x0000009c44600000)]
  0x000001fb4575d860 JavaThread "Catalina-utility-1" [_thread_blocked, id=9912, stack(0x0000009c44700000,0x0000009c44800000)]
  0x000001fb46486570 JavaThread "http-nio-8080-exec-1" daemon [_thread_blocked, id=7960, stack(0x0000009c44800000,0x0000009c44900000)]
  0x000001fb464879b0 JavaThread "http-nio-8080-exec-2" daemon [_thread_blocked, id=1220, stack(0x0000009c44900000,0x0000009c44a00000)]
  0x000001fb4648a740 JavaThread "http-nio-8080-exec-3" daemon [_thread_blocked, id=7144, stack(0x0000009c44a00000,0x0000009c44b00000)]
  0x000001fb4648bb80 JavaThread "http-nio-8080-exec-4" daemon [_thread_in_Java, id=988, stack(0x0000009c44b00000,0x0000009c44c00000)]
  0x000001fb4648a230 JavaThread "http-nio-8080-exec-5" daemon [_thread_blocked, id=9292, stack(0x0000009c44c00000,0x0000009c44d00000)]
  0x000001fb4648cab0 JavaThread "http-nio-8080-exec-6" daemon [_thread_blocked, id=17780, stack(0x0000009c44d00000,0x0000009c44e00000)]
  0x000001fb464888e0 JavaThread "http-nio-8080-exec-7" daemon [_thread_blocked, id=15928, stack(0x0000009c44e00000,0x0000009c44f00000)]
  0x000001fb46486a80 JavaThread "http-nio-8080-exec-8" daemon [_thread_blocked, id=15332, stack(0x0000009c44f00000,0x0000009c45000000)]
  0x000001fb4648c5a0 JavaThread "http-nio-8080-exec-9" daemon [_thread_blocked, id=7400, stack(0x0000009c45000000,0x0000009c45100000)]
  0x000001fb46487ec0 JavaThread "http-nio-8080-exec-10" daemon [_thread_blocked, id=896, stack(0x0000009c45100000,0x0000009c45200000)]
  0x000001fb46489d20 JavaThread "Catalina-utility-2" [_thread_blocked, id=16020, stack(0x0000009c45200000,0x0000009c45300000)]
  0x000001fb4648ac50 JavaThread "container-0" [_thread_blocked, id=18144, stack(0x0000009c45300000,0x0000009c45400000)]
  0x000001fb4648cfc0 JavaThread "BufferPoolPruner-1-thread-1" daemon [_thread_blocked, id=7752, stack(0x0000009c45400000,0x0000009c45500000)]
  0x000001fb4648b160 JavaThread "cluster-ClusterId{value='66873e45bcf7ca0b8263d63b', description='null'}-localhost:27017" daemon [_thread_in_native, id=12412, stack(0x0000009c45500000,0x0000009c45600000)]
  0x000001fb4648b670 JavaThread "cluster-rtt-ClusterId{value='66873e45bcf7ca0b8263d63b', description='null'}-localhost:27017" daemon [_thread_blocked, id=16616, stack(0x0000009c45600000,0x0000009c45700000)]
  0x000001fb4648c090 JavaThread "MaintenanceTimer-2-thread-1" daemon [_thread_blocked, id=6592, stack(0x0000009c45700000,0x0000009c45800000)]
  0x000001fb46486060 JavaThread "Live Reload Server" daemon [_thread_in_native, id=7496, stack(0x0000009c45900000,0x0000009c45a00000)]
  0x000001fb464874a0 JavaThread "File Watcher" daemon [_thread_blocked, id=2720, stack(0x0000009c45800000,0x0000009c45900000)]
  0x000001fb464883d0 JavaThread "http-nio-8080-Poller" daemon [_thread_in_native, id=13836, stack(0x0000009c45a00000,0x0000009c45b00000)]
  0x000001fb4648d4d0 JavaThread "http-nio-8080-Acceptor" daemon [_thread_in_native, id=6392, stack(0x0000009c45b00000,0x0000009c45c00000)]
  0x000001fb4648d9e0 JavaThread "DestroyJavaVM" [_thread_blocked, id=10716, stack(0x0000009c42b00000,0x0000009c42c00000)]

Other Threads:
  0x000001fb7f16dcf0 VMThread "VM Thread" [stack: 0x0000009c43100000,0x0000009c43200000] [id=18020]
  0x000001fb7f421ee0 WatcherThread [stack: 0x0000009c43c00000,0x0000009c43d00000] [id=11800]
  0x000001fb619c3ad0 GCTaskThread "GC Thread#0" [stack: 0x0000009c42c00000,0x0000009c42d00000] [id=7540]
  0x000001fb45475910 GCTaskThread "GC Thread#1" [stack: 0x0000009c43f00000,0x0000009c44000000] [id=10336]
  0x000001fb45476990 GCTaskThread "GC Thread#2" [stack: 0x0000009c44000000,0x0000009c44100000] [id=11296]
  0x000001fb45474e10 GCTaskThread "GC Thread#3" [stack: 0x0000009c44100000,0x0000009c44200000] [id=13288]
  0x000001fb619d5540 ConcurrentGCThread "G1 Main Marker" [stack: 0x0000009c42d00000,0x0000009c42e00000] [id=10560]
  0x000001fb619d6600 ConcurrentGCThread "G1 Conc#0" [stack: 0x0000009c42e00000,0x0000009c42f00000] [id=17640]
  0x000001fb7f020090 ConcurrentGCThread "G1 Refine#0" [stack: 0x0000009c42f00000,0x0000009c43000000] [id=8460]
  0x000001fb46a54d50 ConcurrentGCThread "G1 Refine#1" [stack: 0x0000009c44400000,0x0000009c44500000] [id=9256]
  0x000001fb7f0208d0 ConcurrentGCThread "G1 Service" [stack: 0x0000009c43000000,0x0000009c43100000] [id=16920]

Threads with active compile tasks:
C2 CompilerThread0   306287 11694       4       org.springframework.util.AntPathMatcher::doMatch (650 bytes)

VM state: not at safepoint (normal execution)

VM Mutex/Monitor currently owned by a thread: None

Heap address: 0x0000000082000000, size: 2016 MB, Compressed Oops mode: 32-bit

CDS archive(s) mapped at: [0x000001fb00000000-0x000001fb00bd0000-0x000001fb00bd0000), size 12386304, SharedBaseAddress: 0x000001fb00000000, ArchiveRelocationMode: 1.
Compressed class space mapped at: 0x000001fb01000000-0x000001fb41000000, reserved size: 1073741824
Narrow klass base: 0x000001fb00000000, Narrow klass shift: 0, Narrow klass range: 0x100000000

GC Precious Log:
 CPUs: 4 total, 4 available
 Memory: 8060M
 Large Page Support: Disabled
 NUMA Support: Disabled
 Compressed Oops: Enabled (32-bit)
 Heap Region Size: 1M
 Heap Min Capacity: 8M
 Heap Initial Capacity: 126M
 Heap Max Capacity: 2016M
 Pre-touch: Disabled
 Parallel Workers: 4
 Concurrent Workers: 1
 Concurrent Refinement Workers: 4
 Periodic GC: Disabled

Heap:
 garbage-first heap   total 189440K, used 63955K [0x0000000082000000, 0x0000000100000000)
  region size 1024K, 25 young (25600K), 1 survivors (1024K)
 Metaspace       used 78544K, committed 79104K, reserved 1179648K
  class space    used 10289K, committed 10560K, reserved 1048576K

Heap Regions: E=young(eden), S=young(survivor), O=old, HS=humongous(starts), HC=humongous(continues), CS=collection set, F=free, OA=open archive, CA=closed archive, TAMS=top-at-mark-start (previous, next)
|   0|0x0000000082000000, 0x0000000082100000, 0x0000000082100000|100%|HS|  |TAMS 0x0000000082100000, 0x0000000082000000| Complete 
|   1|0x0000000082100000, 0x0000000082200000, 0x0000000082200000|100%| O|  |TAMS 0x0000000082200000, 0x0000000082100000| Untracked 
|   2|0x0000000082200000, 0x0000000082300000, 0x0000000082300000|100%| O|  |TAMS 0x0000000082300000, 0x0000000082200000| Untracked 
|   3|0x0000000082300000, 0x0000000082400000, 0x0000000082400000|100%| O|  |TAMS 0x0000000082400000, 0x0000000082300000| Untracked 
|   4|0x0000000082400000, 0x0000000082500000, 0x0000000082500000|100%| O|  |TAMS 0x0000000082500000, 0x0000000082400000| Untracked 
|   5|0x0000000082500000, 0x0000000082600000, 0x0000000082600000|100%| O|  |TAMS 0x0000000082600000, 0x0000000082500000| Untracked 
|   6|0x0000000082600000, 0x0000000082700000, 0x0000000082700000|100%| O|  |TAMS 0x0000000082700000, 0x0000000082600000| Untracked 
|   7|0x0000000082700000, 0x0000000082800000, 0x0000000082800000|100%| O|  |TAMS 0x0000000082800000, 0x0000000082700000| Untracked 
|   8|0x0000000082800000, 0x0000000082900000, 0x0000000082900000|100%| O|  |TAMS 0x0000000082900000, 0x0000000082800000| Untracked 
|   9|0x0000000082900000, 0x0000000082a00000, 0x0000000082a00000|100%| O|  |TAMS 0x0000000082a00000, 0x0000000082900000| Untracked 
|  10|0x0000000082a00000, 0x0000000082b00000, 0x0000000082b00000|100%| O|  |TAMS 0x0000000082b00000, 0x0000000082a00000| Untracked 
|  11|0x0000000082b00000, 0x0000000082c00000, 0x0000000082c00000|100%| O|  |TAMS 0x0000000082c00000, 0x0000000082b00000| Untracked 
|  12|0x0000000082c00000, 0x0000000082d00000, 0x0000000082d00000|100%| O|  |TAMS 0x0000000082d00000, 0x0000000082c00000| Untracked 
|  13|0x0000000082d00000, 0x0000000082e00000, 0x0000000082e00000|100%| O|  |TAMS 0x0000000082e00000, 0x0000000082d00000| Untracked 
|  14|0x0000000082e00000, 0x0000000082f00000, 0x0000000082f00000|100%| O|  |TAMS 0x0000000082f00000, 0x0000000082e00000| Untracked 
|  15|0x0000000082f00000, 0x0000000083000000, 0x0000000083000000|100%| O|  |TAMS 0x0000000083000000, 0x0000000082f00000| Untracked 
|  16|0x0000000083000000, 0x0000000083100000, 0x0000000083100000|100%| O|  |TAMS 0x0000000083000000, 0x0000000083000000| Untracked 
|  17|0x0000000083100000, 0x0000000083104200, 0x0000000083200000|  1%| O|  |TAMS 0x0000000083100000, 0x0000000083100000| Untracked 
|  18|0x0000000083200000, 0x0000000083300000, 0x0000000083300000|100%| O|  |TAMS 0x0000000083300000, 0x0000000083200000| Untracked 
|  19|0x0000000083300000, 0x0000000083400000, 0x0000000083400000|100%| O|  |TAMS 0x0000000083400000, 0x0000000083300000| Untracked 
|  20|0x0000000083400000, 0x0000000083500000, 0x0000000083500000|100%| O|  |TAMS 0x0000000083500000, 0x0000000083400000| Untracked 
|  21|0x0000000083500000, 0x0000000083600000, 0x0000000083600000|100%| O|  |TAMS 0x0000000083600000, 0x0000000083500000| Untracked 
|  22|0x0000000083600000, 0x0000000083700000, 0x0000000083700000|100%| O|  |TAMS 0x0000000083700000, 0x0000000083600000| Untracked 
|  23|0x0000000083700000, 0x0000000083800000, 0x0000000083800000|100%| O|  |TAMS 0x0000000083800000, 0x0000000083700000| Untracked 
|  24|0x0000000083800000, 0x0000000083900000, 0x0000000083900000|100%| O|  |TAMS 0x0000000083900000, 0x0000000083800000| Untracked 
|  25|0x0000000083900000, 0x0000000083a00000, 0x0000000083a00000|100%| O|  |TAMS 0x0000000083a00000, 0x0000000083900000| Untracked 
|  26|0x0000000083a00000, 0x0000000083b00000, 0x0000000083b00000|100%| O|  |TAMS 0x0000000083b00000, 0x0000000083a00000| Untracked 
|  27|0x0000000083b00000, 0x0000000083c00000, 0x0000000083c00000|100%| O|  |TAMS 0x0000000083c00000, 0x0000000083b00000| Untracked 
|  28|0x0000000083c00000, 0x0000000083d00000, 0x0000000083d00000|100%| O|  |TAMS 0x0000000083d00000, 0x0000000083c00000| Untracked 
|  29|0x0000000083d00000, 0x0000000083e00000, 0x0000000083e00000|100%| O|  |TAMS 0x0000000083e00000, 0x0000000083d00000| Untracked 
|  30|0x0000000083e00000, 0x0000000083f00000, 0x0000000083f00000|100%| O|  |TAMS 0x0000000083efae00, 0x0000000083e00000| Untracked 
|  31|0x0000000083f00000, 0x0000000084000000, 0x0000000084000000|100%| O|  |TAMS 0x0000000084000000, 0x0000000083f00000| Untracked 
|  32|0x0000000084000000, 0x0000000084000000, 0x0000000084100000|  0%| F|  |TAMS 0x0000000084000000, 0x0000000084000000| Untracked 
|  33|0x0000000084100000, 0x0000000084200000, 0x0000000084200000|100%| O|  |TAMS 0x0000000084200000, 0x0000000084100000| Untracked 
|  34|0x0000000084200000, 0x0000000084300000, 0x0000000084300000|100%| O|  |TAMS 0x0000000084300000, 0x0000000084200000| Untracked 
|  35|0x0000000084300000, 0x0000000084300000, 0x0000000084400000|  0%| F|  |TAMS 0x0000000084300000, 0x0000000084300000| Untracked 
|  36|0x0000000084400000, 0x0000000084500000, 0x0000000084500000|100%| O|  |TAMS 0x0000000084500000, 0x0000000084400000| Untracked 
|  37|0x0000000084500000, 0x0000000084600000, 0x0000000084600000|100%| O|  |TAMS 0x0000000084600000, 0x0000000084500000| Untracked 
|  38|0x0000000084600000, 0x0000000084700000, 0x0000000084700000|100%| O|  |TAMS 0x0000000084700000, 0x0000000084600000| Untracked 
|  39|0x0000000084700000, 0x0000000084800000, 0x0000000084800000|100%| O|  |TAMS 0x0000000084800000, 0x0000000084700000| Untracked 
|  40|0x0000000084800000, 0x0000000084900000, 0x0000000084900000|100%| O|  |TAMS 0x0000000084900000, 0x0000000084800000| Untracked 
|  41|0x0000000084900000, 0x0000000084a00000, 0x0000000084a00000|100%| O|  |TAMS 0x0000000084a00000, 0x0000000084900000| Untracked 
|  42|0x0000000084a00000, 0x0000000084a00000, 0x0000000084b00000|  0%| F|  |TAMS 0x0000000084a00000, 0x0000000084a00000| Untracked 
|  43|0x0000000084b00000, 0x0000000084b00000, 0x0000000084c00000|  0%| F|  |TAMS 0x0000000084b00000, 0x0000000084b00000| Untracked 
|  44|0x0000000084c00000, 0x0000000084c00000, 0x0000000084d00000|  0%| F|  |TAMS 0x0000000084c00000, 0x0000000084c00000| Untracked 
|  45|0x0000000084d00000, 0x0000000084d00000, 0x0000000084e00000|  0%| F|  |TAMS 0x0000000084d00000, 0x0000000084d00000| Untracked 
|  46|0x0000000084e00000, 0x0000000084e00000, 0x0000000084f00000|  0%| F|  |TAMS 0x0000000084e00000, 0x0000000084e00000| Untracked 
|  47|0x0000000084f00000, 0x0000000084f00000, 0x0000000085000000|  0%| F|  |TAMS 0x0000000084f00000, 0x0000000084f00000| Untracked 
|  48|0x0000000085000000, 0x0000000085000000, 0x0000000085100000|  0%| F|  |TAMS 0x0000000085000000, 0x0000000085000000| Untracked 
|  49|0x0000000085100000, 0x0000000085100000, 0x0000000085200000|  0%| F|  |TAMS 0x0000000085100000, 0x0000000085100000| Untracked 
|  50|0x0000000085200000, 0x0000000085200000, 0x0000000085300000|  0%| F|  |TAMS 0x0000000085200000, 0x0000000085200000| Untracked 
|  51|0x0000000085300000, 0x0000000085300000, 0x0000000085400000|  0%| F|  |TAMS 0x0000000085300000, 0x0000000085300000| Untracked 
|  52|0x0000000085400000, 0x0000000085400000, 0x0000000085500000|  0%| F|  |TAMS 0x0000000085400000, 0x0000000085400000| Untracked 
|  53|0x0000000085500000, 0x0000000085500000, 0x0000000085600000|  0%| F|  |TAMS 0x0000000085500000, 0x0000000085500000| Untracked 
|  54|0x0000000085600000, 0x0000000085600000, 0x0000000085700000|  0%| F|  |TAMS 0x0000000085600000, 0x0000000085600000| Untracked 
|  55|0x0000000085700000, 0x0000000085700000, 0x0000000085800000|  0%| F|  |TAMS 0x0000000085700000, 0x0000000085700000| Untracked 
|  56|0x0000000085800000, 0x0000000085800000, 0x0000000085900000|  0%| F|  |TAMS 0x0000000085800000, 0x0000000085800000| Untracked 
|  57|0x0000000085900000, 0x0000000085900000, 0x0000000085a00000|  0%| F|  |TAMS 0x0000000085900000, 0x0000000085900000| Untracked 
|  58|0x0000000085a00000, 0x0000000085a00000, 0x0000000085b00000|  0%| F|  |TAMS 0x0000000085a00000, 0x0000000085a00000| Untracked 
|  59|0x0000000085b00000, 0x0000000085b00000, 0x0000000085c00000|  0%| F|  |TAMS 0x0000000085b00000, 0x0000000085b00000| Untracked 
|  60|0x0000000085c00000, 0x0000000085c00000, 0x0000000085d00000|  0%| F|  |TAMS 0x0000000085c00000, 0x0000000085c00000| Untracked 
|  61|0x0000000085d00000, 0x0000000085d00000, 0x0000000085e00000|  0%| F|  |TAMS 0x0000000085d00000, 0x0000000085d00000| Untracked 
|  62|0x0000000085e00000, 0x0000000085e00000, 0x0000000085f00000|  0%| F|  |TAMS 0x0000000085e00000, 0x0000000085e00000| Untracked 
|  63|0x0000000085f00000, 0x0000000085f00000, 0x0000000086000000|  0%| F|  |TAMS 0x0000000085f00000, 0x0000000085f00000| Untracked 
|  64|0x0000000086000000, 0x0000000086000000, 0x0000000086100000|  0%| F|  |TAMS 0x0000000086000000, 0x0000000086000000| Untracked 
|  65|0x0000000086100000, 0x0000000086100000, 0x0000000086200000|  0%| F|  |TAMS 0x0000000086100000, 0x0000000086100000| Untracked 
|  66|0x0000000086200000, 0x0000000086200000, 0x0000000086300000|  0%| F|  |TAMS 0x0000000086200000, 0x0000000086200000| Untracked 
|  67|0x0000000086300000, 0x0000000086300000, 0x0000000086400000|  0%| F|  |TAMS 0x0000000086300000, 0x0000000086300000| Untracked 
|  68|0x0000000086400000, 0x0000000086400000, 0x0000000086500000|  0%| F|  |TAMS 0x0000000086400000, 0x0000000086400000| Untracked 
|  69|0x0000000086500000, 0x0000000086500000, 0x0000000086600000|  0%| F|  |TAMS 0x0000000086500000, 0x0000000086500000| Untracked 
|  70|0x0000000086600000, 0x0000000086600000, 0x0000000086700000|  0%| F|  |TAMS 0x0000000086600000, 0x0000000086600000| Untracked 
|  71|0x0000000086700000, 0x0000000086700000, 0x0000000086800000|  0%| F|  |TAMS 0x0000000086700000, 0x0000000086700000| Untracked 
|  72|0x0000000086800000, 0x0000000086800000, 0x0000000086900000|  0%| F|  |TAMS 0x0000000086800000, 0x0000000086800000| Untracked 
|  73|0x0000000086900000, 0x0000000086900000, 0x0000000086a00000|  0%| F|  |TAMS 0x0000000086900000, 0x0000000086900000| Untracked 
|  74|0x0000000086a00000, 0x0000000086a70af0, 0x0000000086b00000| 44%| S|CS|TAMS 0x0000000086a00000, 0x0000000086a00000| Complete 
|  75|0x0000000086b00000, 0x0000000086b00000, 0x0000000086c00000|  0%| F|  |TAMS 0x0000000086b00000, 0x0000000086b00000| Untracked 
|  76|0x0000000086c00000, 0x0000000086c00000, 0x0000000086d00000|  0%| F|  |TAMS 0x0000000086c00000, 0x0000000086c00000| Untracked 
|  77|0x0000000086d00000, 0x0000000086d00000, 0x0000000086e00000|  0%| F|  |TAMS 0x0000000086d00000, 0x0000000086d00000| Untracked 
|  78|0x0000000086e00000, 0x0000000086e00000, 0x0000000086f00000|  0%| F|  |TAMS 0x0000000086e00000, 0x0000000086e00000| Untracked 
|  79|0x0000000086f00000, 0x0000000086f00000, 0x0000000087000000|  0%| F|  |TAMS 0x0000000086f00000, 0x0000000086f00000| Untracked 
|  80|0x0000000087000000, 0x0000000087000000, 0x0000000087100000|  0%| F|  |TAMS 0x0000000087000000, 0x0000000087000000| Untracked 
|  81|0x0000000087100000, 0x0000000087100000, 0x0000000087200000|  0%| F|  |TAMS 0x0000000087100000, 0x0000000087100000| Untracked 
|  82|0x0000000087200000, 0x0000000087200000, 0x0000000087300000|  0%| F|  |TAMS 0x0000000087200000, 0x0000000087200000| Untracked 
|  83|0x0000000087300000, 0x0000000087300000, 0x0000000087400000|  0%| F|  |TAMS 0x0000000087300000, 0x0000000087300000| Untracked 
|  84|0x0000000087400000, 0x0000000087400000, 0x0000000087500000|  0%| F|  |TAMS 0x0000000087400000, 0x0000000087400000| Untracked 
|  85|0x0000000087500000, 0x0000000087500000, 0x0000000087600000|  0%| F|  |TAMS 0x0000000087500000, 0x0000000087500000| Untracked 
|  86|0x0000000087600000, 0x0000000087600000, 0x0000000087700000|  0%| F|  |TAMS 0x0000000087600000, 0x0000000087600000| Untracked 
|  87|0x0000000087700000, 0x0000000087700000, 0x0000000087800000|  0%| F|  |TAMS 0x0000000087700000, 0x0000000087700000| Untracked 
|  88|0x0000000087800000, 0x0000000087800000, 0x0000000087900000|  0%| F|  |TAMS 0x0000000087800000, 0x0000000087800000| Untracked 
|  89|0x0000000087900000, 0x0000000087900000, 0x0000000087a00000|  0%| F|  |TAMS 0x0000000087900000, 0x0000000087900000| Untracked 
|  90|0x0000000087a00000, 0x0000000087a00000, 0x0000000087b00000|  0%| F|  |TAMS 0x0000000087a00000, 0x0000000087a00000| Untracked 
|  91|0x0000000087b00000, 0x0000000087b00000, 0x0000000087c00000|  0%| F|  |TAMS 0x0000000087b00000, 0x0000000087b00000| Untracked 
|  92|0x0000000087c00000, 0x0000000087c00000, 0x0000000087d00000|  0%| F|  |TAMS 0x0000000087c00000, 0x0000000087c00000| Untracked 
|  93|0x0000000087d00000, 0x0000000087d00000, 0x0000000087e00000|  0%| F|  |TAMS 0x0000000087d00000, 0x0000000087d00000| Untracked 
|  94|0x0000000087e00000, 0x0000000087e00000, 0x0000000087f00000|  0%| F|  |TAMS 0x0000000087e00000, 0x0000000087e00000| Untracked 
|  95|0x0000000087f00000, 0x0000000087f00000, 0x0000000088000000|  0%| F|  |TAMS 0x0000000087f00000, 0x0000000087f00000| Untracked 
|  96|0x0000000088000000, 0x0000000088000000, 0x0000000088100000|  0%| F|  |TAMS 0x0000000088000000, 0x0000000088000000| Untracked 
|  97|0x0000000088100000, 0x0000000088100000, 0x0000000088200000|  0%| F|  |TAMS 0x0000000088100000, 0x0000000088100000| Untracked 
|  98|0x0000000088200000, 0x0000000088200000, 0x0000000088300000|  0%| F|  |TAMS 0x0000000088200000, 0x0000000088200000| Untracked 
|  99|0x0000000088300000, 0x0000000088300000, 0x0000000088400000|  0%| F|  |TAMS 0x0000000088300000, 0x0000000088300000| Untracked 
| 100|0x0000000088400000, 0x0000000088400000, 0x0000000088500000|  0%| F|  |TAMS 0x0000000088400000, 0x0000000088400000| Untracked 
| 101|0x0000000088500000, 0x0000000088500000, 0x0000000088600000|  0%| F|  |TAMS 0x0000000088500000, 0x0000000088500000| Untracked 
| 102|0x0000000088600000, 0x0000000088600000, 0x0000000088700000|  0%| F|  |TAMS 0x0000000088600000, 0x0000000088600000| Untracked 
| 103|0x0000000088700000, 0x0000000088700000, 0x0000000088800000|  0%| F|  |TAMS 0x0000000088700000, 0x0000000088700000| Untracked 
| 104|0x0000000088800000, 0x0000000088800000, 0x0000000088900000|  0%| F|  |TAMS 0x0000000088800000, 0x0000000088800000| Untracked 
| 105|0x0000000088900000, 0x0000000088900000, 0x0000000088a00000|  0%| F|  |TAMS 0x0000000088900000, 0x0000000088900000| Untracked 
| 106|0x0000000088a00000, 0x0000000088a00000, 0x0000000088b00000|  0%| F|  |TAMS 0x0000000088a00000, 0x0000000088a00000| Untracked 
| 107|0x0000000088b00000, 0x0000000088b00000, 0x0000000088c00000|  0%| F|  |TAMS 0x0000000088b00000, 0x0000000088b00000| Untracked 
| 108|0x0000000088c00000, 0x0000000088c00000, 0x0000000088d00000|  0%| F|  |TAMS 0x0000000088c00000, 0x0000000088c00000| Untracked 
| 109|0x0000000088d00000, 0x0000000088d00000, 0x0000000088e00000|  0%| F|  |TAMS 0x0000000088d00000, 0x0000000088d00000| Untracked 
| 110|0x0000000088e00000, 0x0000000088e00000, 0x0000000088f00000|  0%| F|  |TAMS 0x0000000088e00000, 0x0000000088e00000| Untracked 
| 111|0x0000000088f00000, 0x0000000088f00000, 0x0000000089000000|  0%| F|  |TAMS 0x0000000088f00000, 0x0000000088f00000| Untracked 
| 112|0x0000000089000000, 0x0000000089000000, 0x0000000089100000|  0%| F|  |TAMS 0x0000000089000000, 0x0000000089000000| Untracked 
| 113|0x0000000089100000, 0x0000000089100000, 0x0000000089200000|  0%| F|  |TAMS 0x0000000089100000, 0x0000000089100000| Untracked 
| 114|0x0000000089200000, 0x0000000089200000, 0x0000000089300000|  0%| F|  |TAMS 0x0000000089200000, 0x0000000089200000| Untracked 
| 115|0x0000000089300000, 0x0000000089300000, 0x0000000089400000|  0%| F|  |TAMS 0x0000000089300000, 0x0000000089300000| Untracked 
| 116|0x0000000089400000, 0x0000000089400000, 0x0000000089500000|  0%| F|  |TAMS 0x0000000089400000, 0x0000000089400000| Untracked 
| 117|0x0000000089500000, 0x0000000089500000, 0x0000000089600000|  0%| F|  |TAMS 0x0000000089500000, 0x0000000089500000| Untracked 
| 118|0x0000000089600000, 0x0000000089600000, 0x0000000089700000|  0%| F|  |TAMS 0x0000000089600000, 0x0000000089600000| Untracked 
| 119|0x0000000089700000, 0x0000000089700000, 0x0000000089800000|  0%| F|  |TAMS 0x0000000089700000, 0x0000000089700000| Untracked 
| 120|0x0000000089800000, 0x0000000089800000, 0x0000000089900000|  0%| F|  |TAMS 0x0000000089800000, 0x0000000089800000| Untracked 
| 121|0x0000000089900000, 0x0000000089900000, 0x0000000089a00000|  0%| F|  |TAMS 0x0000000089900000, 0x0000000089900000| Untracked 
| 122|0x0000000089a00000, 0x0000000089a00000, 0x0000000089b00000|  0%| F|  |TAMS 0x0000000089a00000, 0x0000000089a00000| Untracked 
| 123|0x0000000089b00000, 0x0000000089b00000, 0x0000000089c00000|  0%| F|  |TAMS 0x0000000089b00000, 0x0000000089b00000| Untracked 
| 124|0x0000000089c00000, 0x0000000089c00000, 0x0000000089d00000|  0%| F|  |TAMS 0x0000000089c00000, 0x0000000089c00000| Untracked 
| 125|0x0000000089d00000, 0x0000000089d00000, 0x0000000089e00000|  0%| F|  |TAMS 0x0000000089d00000, 0x0000000089d00000| Untracked 
| 126|0x0000000089e00000, 0x0000000089e00000, 0x0000000089f00000|  0%| F|  |TAMS 0x0000000089e00000, 0x0000000089e00000| Untracked 
| 127|0x0000000089f00000, 0x0000000089f00000, 0x000000008a000000|  0%| F|  |TAMS 0x0000000089f00000, 0x0000000089f00000| Untracked 
| 128|0x000000008a000000, 0x000000008a000000, 0x000000008a100000|  0%| F|  |TAMS 0x000000008a000000, 0x000000008a000000| Untracked 
| 129|0x000000008a100000, 0x000000008a100000, 0x000000008a200000|  0%| F|  |TAMS 0x000000008a100000, 0x000000008a100000| Untracked 
| 130|0x000000008a200000, 0x000000008a200000, 0x000000008a300000|  0%| F|  |TAMS 0x000000008a200000, 0x000000008a200000| Untracked 
| 131|0x000000008a300000, 0x000000008a300000, 0x000000008a400000|  0%| F|  |TAMS 0x000000008a300000, 0x000000008a300000| Untracked 
| 132|0x000000008a400000, 0x000000008a400000, 0x000000008a500000|  0%| F|  |TAMS 0x000000008a400000, 0x000000008a400000| Untracked 
| 133|0x000000008a500000, 0x000000008a500000, 0x000000008a600000|  0%| F|  |TAMS 0x000000008a500000, 0x000000008a500000| Untracked 
| 134|0x000000008a600000, 0x000000008a600000, 0x000000008a700000|  0%| F|  |TAMS 0x000000008a600000, 0x000000008a600000| Untracked 
| 135|0x000000008a700000, 0x000000008a700000, 0x000000008a800000|  0%| F|  |TAMS 0x000000008a700000, 0x000000008a700000| Untracked 
| 136|0x000000008a800000, 0x000000008a800000, 0x000000008a900000|  0%| F|  |TAMS 0x000000008a800000, 0x000000008a800000| Untracked 
| 137|0x000000008a900000, 0x000000008a900000, 0x000000008aa00000|  0%| F|  |TAMS 0x000000008a900000, 0x000000008a900000| Untracked 
| 138|0x000000008aa00000, 0x000000008aa00000, 0x000000008ab00000|  0%| F|  |TAMS 0x000000008aa00000, 0x000000008aa00000| Untracked 
| 139|0x000000008ab00000, 0x000000008ab00000, 0x000000008ac00000|  0%| F|  |TAMS 0x000000008ab00000, 0x000000008ab00000| Untracked 
| 140|0x000000008ac00000, 0x000000008ac00000, 0x000000008ad00000|  0%| F|  |TAMS 0x000000008ac00000, 0x000000008ac00000| Untracked 
| 141|0x000000008ad00000, 0x000000008ad00000, 0x000000008ae00000|  0%| F|  |TAMS 0x000000008ad00000, 0x000000008ad00000| Untracked 
| 142|0x000000008ae00000, 0x000000008ae00000, 0x000000008af00000|  0%| F|  |TAMS 0x000000008ae00000, 0x000000008ae00000| Untracked 
| 143|0x000000008af00000, 0x000000008af00000, 0x000000008b000000|  0%| F|  |TAMS 0x000000008af00000, 0x000000008af00000| Untracked 
| 144|0x000000008b000000, 0x000000008b000000, 0x000000008b100000|  0%| F|  |TAMS 0x000000008b000000, 0x000000008b000000| Untracked 
| 145|0x000000008b100000, 0x000000008b100000, 0x000000008b200000|  0%| F|  |TAMS 0x000000008b100000, 0x000000008b100000| Untracked 
| 146|0x000000008b200000, 0x000000008b200000, 0x000000008b300000|  0%| F|  |TAMS 0x000000008b200000, 0x000000008b200000| Untracked 
| 147|0x000000008b300000, 0x000000008b300000, 0x000000008b400000|  0%| F|  |TAMS 0x000000008b300000, 0x000000008b300000| Untracked 
| 148|0x000000008b400000, 0x000000008b400000, 0x000000008b500000|  0%| F|  |TAMS 0x000000008b400000, 0x000000008b400000| Untracked 
| 149|0x000000008b500000, 0x000000008b500000, 0x000000008b600000|  0%| F|  |TAMS 0x000000008b500000, 0x000000008b500000| Untracked 
| 150|0x000000008b600000, 0x000000008b600000, 0x000000008b700000|  0%| F|  |TAMS 0x000000008b600000, 0x000000008b600000| Untracked 
| 151|0x000000008b700000, 0x000000008b700000, 0x000000008b800000|  0%| F|  |TAMS 0x000000008b700000, 0x000000008b700000| Untracked 
| 152|0x000000008b800000, 0x000000008b800000, 0x000000008b900000|  0%| F|  |TAMS 0x000000008b800000, 0x000000008b800000| Untracked 
| 153|0x000000008b900000, 0x000000008b900000, 0x000000008ba00000|  0%| F|  |TAMS 0x000000008b900000, 0x000000008b900000| Untracked 
| 154|0x000000008ba00000, 0x000000008ba00000, 0x000000008bb00000|  0%| F|  |TAMS 0x000000008ba00000, 0x000000008ba00000| Untracked 
| 155|0x000000008bb00000, 0x000000008bb00000, 0x000000008bc00000|  0%| F|  |TAMS 0x000000008bb00000, 0x000000008bb00000| Untracked 
| 156|0x000000008bc00000, 0x000000008bc00000, 0x000000008bd00000|  0%| F|  |TAMS 0x000000008bc00000, 0x000000008bc00000| Untracked 
| 157|0x000000008bd00000, 0x000000008bd00000, 0x000000008be00000|  0%| F|  |TAMS 0x000000008bd00000, 0x000000008bd00000| Untracked 
| 158|0x000000008be00000, 0x000000008be00000, 0x000000008bf00000|  0%| F|  |TAMS 0x000000008be00000, 0x000000008be00000| Untracked 
| 159|0x000000008bf00000, 0x000000008bf00000, 0x000000008c000000|  0%| F|  |TAMS 0x000000008bf00000, 0x000000008bf00000| Untracked 
| 160|0x000000008c000000, 0x000000008c037890, 0x000000008c100000| 21%| E|  |TAMS 0x000000008c000000, 0x000000008c000000| Complete 
| 161|0x000000008c100000, 0x000000008c200000, 0x000000008c200000|100%| E|CS|TAMS 0x000000008c100000, 0x000000008c100000| Complete 
| 162|0x000000008c200000, 0x000000008c300000, 0x000000008c300000|100%| E|CS|TAMS 0x000000008c200000, 0x000000008c200000| Complete 
| 163|0x000000008c300000, 0x000000008c400000, 0x000000008c400000|100%| E|CS|TAMS 0x000000008c300000, 0x000000008c300000| Complete 
| 164|0x000000008c400000, 0x000000008c500000, 0x000000008c500000|100%| E|CS|TAMS 0x000000008c400000, 0x000000008c400000| Complete 
| 165|0x000000008c500000, 0x000000008c600000, 0x000000008c600000|100%| E|CS|TAMS 0x000000008c500000, 0x000000008c500000| Complete 
| 166|0x000000008c600000, 0x000000008c700000, 0x000000008c700000|100%| E|CS|TAMS 0x000000008c600000, 0x000000008c600000| Complete 
| 167|0x000000008c700000, 0x000000008c800000, 0x000000008c800000|100%| E|CS|TAMS 0x000000008c700000, 0x000000008c700000| Complete 
| 168|0x000000008c800000, 0x000000008c900000, 0x000000008c900000|100%| E|CS|TAMS 0x000000008c800000, 0x000000008c800000| Complete 
| 169|0x000000008c900000, 0x000000008ca00000, 0x000000008ca00000|100%| E|CS|TAMS 0x000000008c900000, 0x000000008c900000| Complete 
| 170|0x000000008ca00000, 0x000000008cb00000, 0x000000008cb00000|100%| E|CS|TAMS 0x000000008ca00000, 0x000000008ca00000| Complete 
| 171|0x000000008cb00000, 0x000000008cc00000, 0x000000008cc00000|100%| E|CS|TAMS 0x000000008cb00000, 0x000000008cb00000| Complete 
| 172|0x000000008cc00000, 0x000000008cd00000, 0x000000008cd00000|100%| E|CS|TAMS 0x000000008cc00000, 0x000000008cc00000| Complete 
| 173|0x000000008cd00000, 0x000000008ce00000, 0x000000008ce00000|100%| E|CS|TAMS 0x000000008cd00000, 0x000000008cd00000| Complete 
| 174|0x000000008ce00000, 0x000000008cf00000, 0x000000008cf00000|100%| E|CS|TAMS 0x000000008ce00000, 0x000000008ce00000| Complete 
| 175|0x000000008cf00000, 0x000000008d000000, 0x000000008d000000|100%| E|CS|TAMS 0x000000008cf00000, 0x000000008cf00000| Complete 
| 176|0x000000008d000000, 0x000000008d100000, 0x000000008d100000|100%| E|CS|TAMS 0x000000008d000000, 0x000000008d000000| Complete 
| 177|0x000000008d100000, 0x000000008d200000, 0x000000008d200000|100%| E|CS|TAMS 0x000000008d100000, 0x000000008d100000| Complete 
| 178|0x000000008d200000, 0x000000008d300000, 0x000000008d300000|100%| E|CS|TAMS 0x000000008d200000, 0x000000008d200000| Complete 
| 179|0x000000008d300000, 0x000000008d400000, 0x000000008d400000|100%| E|CS|TAMS 0x000000008d300000, 0x000000008d300000| Complete 
| 180|0x000000008d400000, 0x000000008d500000, 0x000000008d500000|100%| E|CS|TAMS 0x000000008d400000, 0x000000008d400000| Complete 
| 181|0x000000008d500000, 0x000000008d600000, 0x000000008d600000|100%| E|CS|TAMS 0x000000008d500000, 0x000000008d500000| Complete 
| 182|0x000000008d600000, 0x000000008d700000, 0x000000008d700000|100%| E|CS|TAMS 0x000000008d600000, 0x000000008d600000| Complete 
| 183|0x000000008d700000, 0x000000008d800000, 0x000000008d800000|100%| E|CS|TAMS 0x000000008d700000, 0x000000008d700000| Complete 
| 184|0x000000008d800000, 0x000000008d900000, 0x000000008d900000|100%| E|CS|TAMS 0x000000008d800000, 0x000000008d800000| Complete 

Card table byte_map: [0x000001fb78600000,0x000001fb789f0000] _byte_map_base: 0x000001fb781f0000

Marking Bits (Prev, Next): (CMBitMap*) 0x000001fb619c5010, (CMBitMap*) 0x000001fb619c5050
 Prev Bits: [0x000001fb78de0000, 0x000001fb7ad60000)
 Next Bits: [0x000001fb7ad60000, 0x000001fb7cce0000)

Polling page: 0x000001fb5f800000

Metaspace:

Usage:
  Non-class:     66.66 MB used.
      Class:     10.05 MB used.
       Both:     76.70 MB used.

Virtual space:
  Non-class space:      128.00 MB reserved,      66.94 MB ( 52%) committed,  2 nodes.
      Class space:        1.00 GB reserved,      10.31 MB (  1%) committed,  1 nodes.
             Both:        1.12 GB reserved,      77.25 MB (  7%) committed. 

Chunk freelists:
   Non-Class:  12.81 MB
       Class:  5.68 MB
        Both:  18.50 MB

MaxMetaspaceSize: unlimited
CompressedClassSpaceSize: 1.00 GB
Initial GC threshold: 21.00 MB
Current GC threshold: 128.69 MB
CDS: on
MetaspaceReclaimPolicy: balanced
 - commit_granule_bytes: 65536.
 - commit_granule_words: 8192.
 - virtual_space_node_default_size: 8388608.
 - enlarge_chunks_in_place: 1.
 - new_chunks_are_fully_committed: 0.
 - uncommit_free_chunks: 1.
 - use_allocation_guard: 0.
 - handle_deallocations: 1.


Internal statistics:

num_allocs_failed_limit: 6.
num_arena_births: 806.
num_arena_deaths: 8.
num_vsnodes_births: 3.
num_vsnodes_deaths: 0.
num_space_committed: 1236.
num_space_uncommitted: 0.
num_chunks_returned_to_freelist: 16.
num_chunks_taken_from_freelist: 3780.
num_chunk_merges: 8.
num_chunk_splits: 2689.
num_chunks_enlarged: 2102.
num_inconsistent_stats: 0.

CodeHeap 'non-profiled nmethods': size=120000Kb used=8947Kb max_used=9058Kb free=111052Kb
 bounds [0x000001fb70ce0000, 0x000001fb715c0000, 0x000001fb78210000]
CodeHeap 'profiled nmethods': size=120000Kb used=18072Kb max_used=20625Kb free=101927Kb
 bounds [0x000001fb69210000, 0x000001fb6a640000, 0x000001fb70740000]
CodeHeap 'non-nmethods': size=5760Kb used=1319Kb max_used=1433Kb free=4440Kb
 bounds [0x000001fb70740000, 0x000001fb709b0000, 0x000001fb70ce0000]
 total_blobs=9988 nmethods=9343 adapters=556
 compilation: enabled
              stopped_count=0, restarted_count=0
 full_count=0

Compilation events (20 events):
Event: 304.554 Thread 0x000001fb4657a5c0 11685       4       org.jboss.logging.Logger::trace (14 bytes)
Event: 304.555 Thread 0x000001fb4657a5c0 nmethod 11685 0x000001fb711fa990 code [0x000001fb711fab20, 0x000001fb711fac08]
Event: 304.667 Thread 0x000001fb4657a5c0 11686       4       java.util.concurrent.locks.AbstractQueuedSynchronizer$Node::clearStatus (12 bytes)
Event: 304.668 Thread 0x000001fb4657a5c0 nmethod 11686 0x000001fb71240d10 code [0x000001fb71240e80, 0x000001fb71240ef8]
Event: 304.801 Thread 0x000001fb7f18ddb0 nmethod 11681 0x000001fb71311f10 code [0x000001fb713123e0, 0x000001fb71316b50]
Event: 304.860 Thread 0x000001fb4657a5c0 11687       4       org.springframework.data.repository.core.support.QueryExecutionResultHandler::postProcessInvocationResult (27 bytes)
Event: 304.871 Thread 0x000001fb4657a5c0 nmethod 11687 0x000001fb70dee290 code [0x000001fb70dee440, 0x000001fb70dee8c8]
Event: 305.168 Thread 0x000001fb7f18ddb0 11688       4       java.util.concurrent.locks.LockSupport::unpark (12 bytes)
Event: 305.168 Thread 0x000001fb7f18ddb0 nmethod 11688 0x000001fb70f4ce90 code [0x000001fb70f4d020, 0x000001fb70f4d0a8]
Event: 305.219 Thread 0x000001fb7f18ddb0 11689       4       com.mongodb.internal.connection.ConcurrentPool$StateAndPermits::throwIfClosedOrPaused (54 bytes)
Event: 305.220 Thread 0x000001fb7f18ddb0 nmethod 11689 0x000001fb713e0d90 code [0x000001fb713e0f00, 0x000001fb713e0fb8]
Event: 305.454 Thread 0x000001fb7f18ddb0 11690   !   4       com.mongodb.internal.connection.ConcurrentPool$StateAndPermits::acquirePermit (228 bytes)
Event: 305.475 Thread 0x000001fb7f18ddb0 nmethod 11690 0x000001fb713dfa10 code [0x000001fb713dfc00, 0x000001fb713e0648]
Event: 305.708 Thread 0x000001fb7f18ddb0 11691       4       org.springframework.http.HttpHeaders::getContentLength (23 bytes)
Event: 305.712 Thread 0x000001fb7f18ddb0 nmethod 11691 0x000001fb713df310 code [0x000001fb713df4e0, 0x000001fb713df758]
Event: 305.777 Thread 0x000001fb7f18ddb0 11692       4       java.util.concurrent.locks.AbstractQueuedSynchronizer$ConditionObject::enableWait (84 bytes)
Event: 305.787 Thread 0x000001fb7f18ddb0 nmethod 11692 0x000001fb71296a90 code [0x000001fb71296c20, 0x000001fb71297208]
Event: 305.827 Thread 0x000001fb7f18ddb0 11693       4       org.springframework.util.AntPathMatcher::isPotentialMatch (116 bytes)
Event: 305.860 Thread 0x000001fb7f18ddb0 nmethod 11693 0x000001fb71295a10 code [0x000001fb71295bc0, 0x000001fb712964a8]
Event: 306.009 Thread 0x000001fb7f18ddb0 11694       4       org.springframework.util.AntPathMatcher::doMatch (650 bytes)

GC Heap History (20 events):
Event: 215.792 GC heap before
{Heap before GC invocations=45 (full 0):
 garbage-first heap   total 75776K, used 42549K [0x0000000082000000, 0x0000000100000000)
  region size 1024K, 3 young (3072K), 1 survivors (1024K)
 Metaspace       used 78478K, committed 79040K, reserved 1179648K
  class space    used 10283K, committed 10560K, reserved 1048576K
}
Event: 215.798 GC heap after
{Heap after GC invocations=46 (full 0):
 garbage-first heap   total 75776K, used 40269K [0x0000000082000000, 0x0000000100000000)
  region size 1024K, 1 young (1024K), 1 survivors (1024K)
 Metaspace       used 78478K, committed 79040K, reserved 1179648K
  class space    used 10283K, committed 10560K, reserved 1048576K
}
Event: 219.201 GC heap before
{Heap before GC invocations=46 (full 0):
 garbage-first heap   total 75776K, used 64845K [0x0000000082000000, 0x0000000100000000)
  region size 1024K, 25 young (25600K), 1 survivors (1024K)
 Metaspace       used 78500K, committed 79040K, reserved 1179648K
  class space    used 10284K, committed 10560K, reserved 1048576K
}
Event: 219.208 GC heap after
{Heap after GC invocations=47 (full 0):
 garbage-first heap   total 75776K, used 40322K [0x0000000082000000, 0x0000000100000000)
  region size 1024K, 1 young (1024K), 1 survivors (1024K)
 Metaspace       used 78500K, committed 79040K, reserved 1179648K
  class space    used 10284K, committed 10560K, reserved 1048576K
}
Event: 227.970 GC heap before
{Heap before GC invocations=47 (full 0):
 garbage-first heap   total 75776K, used 64898K [0x0000000082000000, 0x0000000100000000)
  region size 1024K, 25 young (25600K), 1 survivors (1024K)
 Metaspace       used 78501K, committed 79040K, reserved 1179648K
  class space    used 10284K, committed 10560K, reserved 1048576K
}
Event: 227.975 GC heap after
{Heap after GC invocations=48 (full 0):
 garbage-first heap   total 75776K, used 40471K [0x0000000082000000, 0x0000000100000000)
  region size 1024K, 1 young (1024K), 1 survivors (1024K)
 Metaspace       used 78501K, committed 79040K, reserved 1179648K
  class space    used 10284K, committed 10560K, reserved 1048576K
}
Event: 236.057 GC heap before
{Heap before GC invocations=48 (full 0):
 garbage-first heap   total 75776K, used 65047K [0x0000000082000000, 0x0000000100000000)
  region size 1024K, 25 young (25600K), 1 survivors (1024K)
 Metaspace       used 78501K, committed 79040K, reserved 1179648K
  class space    used 10284K, committed 10560K, reserved 1048576K
}
Event: 236.064 GC heap after
{Heap after GC invocations=49 (full 0):
 garbage-first heap   total 75776K, used 40477K [0x0000000082000000, 0x0000000100000000)
  region size 1024K, 1 young (1024K), 1 survivors (1024K)
 Metaspace       used 78501K, committed 79040K, reserved 1179648K
  class space    used 10284K, committed 10560K, reserved 1048576K
}
Event: 248.269 GC heap before
{Heap before GC invocations=50 (full 0):
 garbage-first heap   total 75776K, used 66077K [0x0000000082000000, 0x0000000100000000)
  region size 1024K, 26 young (26624K), 1 survivors (1024K)
 Metaspace       used 78504K, committed 79040K, reserved 1179648K
  class space    used 10284K, committed 10560K, reserved 1048576K
}
Event: 248.422 GC heap after
{Heap after GC invocations=51 (full 0):
 garbage-first heap   total 75776K, used 40496K [0x0000000082000000, 0x0000000100000000)
  region size 1024K, 1 young (1024K), 1 survivors (1024K)
 Metaspace       used 78504K, committed 79040K, reserved 1179648K
  class space    used 10284K, committed 10560K, reserved 1048576K
}
Event: 248.540 GC heap before
{Heap before GC invocations=51 (full 0):
 garbage-first heap   total 75776K, used 42544K [0x0000000082000000, 0x0000000100000000)
  region size 1024K, 3 young (3072K), 1 survivors (1024K)
 Metaspace       used 78504K, committed 79040K, reserved 1179648K
  class space    used 10284K, committed 10560K, reserved 1048576K
}
Event: 248.781 GC heap after
{Heap after GC invocations=52 (full 0):
 garbage-first heap   total 75776K, used 40299K [0x0000000082000000, 0x0000000100000000)
  region size 1024K, 1 young (1024K), 1 survivors (1024K)
 Metaspace       used 78504K, committed 79040K, reserved 1179648K
  class space    used 10284K, committed 10560K, reserved 1048576K
}
Event: 283.484 GC heap before
{Heap before GC invocations=52 (full 0):
 garbage-first heap   total 75776K, used 65899K [0x0000000082000000, 0x0000000100000000)
  region size 1024K, 26 young (26624K), 1 survivors (1024K)
 Metaspace       used 78504K, committed 79040K, reserved 1179648K
  class space    used 10284K, committed 10560K, reserved 1048576K
}
Event: 283.490 GC heap after
{Heap after GC invocations=53 (full 0):
 garbage-first heap   total 189440K, used 40339K [0x0000000082000000, 0x0000000100000000)
  region size 1024K, 1 young (1024K), 1 survivors (1024K)
 Metaspace       used 78504K, committed 79040K, reserved 1179648K
  class space    used 10284K, committed 10560K, reserved 1048576K
}
Event: 294.141 GC heap before
{Heap before GC invocations=53 (full 0):
 garbage-first heap   total 189440K, used 152979K [0x0000000082000000, 0x0000000100000000)
  region size 1024K, 111 young (113664K), 1 survivors (1024K)
 Metaspace       used 78516K, committed 79040K, reserved 1179648K
  class space    used 10287K, committed 10560K, reserved 1048576K
}
Event: 294.145 GC heap after
{Heap after GC invocations=54 (full 0):
 garbage-first heap   total 189440K, used 40377K [0x0000000082000000, 0x0000000100000000)
  region size 1024K, 1 young (1024K), 1 survivors (1024K)
 Metaspace       used 78516K, committed 79040K, reserved 1179648K
  class space    used 10287K, committed 10560K, reserved 1048576K
}
Event: 300.654 GC heap before
{Heap before GC invocations=54 (full 0):
 garbage-first heap   total 189440K, used 153017K [0x0000000082000000, 0x0000000100000000)
  region size 1024K, 111 young (113664K), 1 survivors (1024K)
 Metaspace       used 78530K, committed 79040K, reserved 1179648K
  class space    used 10288K, committed 10560K, reserved 1048576K
}
Event: 300.657 GC heap after
{Heap after GC invocations=55 (full 0):
 garbage-first heap   total 189440K, used 40387K [0x0000000082000000, 0x0000000100000000)
  region size 1024K, 1 young (1024K), 1 survivors (1024K)
 Metaspace       used 78530K, committed 79040K, reserved 1179648K
  class space    used 10288K, committed 10560K, reserved 1048576K
}
Event: 305.516 GC heap before
{Heap before GC invocations=55 (full 0):
 garbage-first heap   total 189440K, used 153027K [0x0000000082000000, 0x0000000100000000)
  region size 1024K, 111 young (113664K), 1 survivors (1024K)
 Metaspace       used 78544K, committed 79104K, reserved 1179648K
  class space    used 10289K, committed 10560K, reserved 1048576K
}
Event: 305.518 GC heap after
{Heap after GC invocations=56 (full 0):
 garbage-first heap   total 189440K, used 40403K [0x0000000082000000, 0x0000000100000000)
  region size 1024K, 1 young (1024K), 1 survivors (1024K)
 Metaspace       used 78544K, committed 79104K, reserved 1179648K
  class space    used 10289K, committed 10560K, reserved 1048576K
}

Deoptimization events (20 events):
Event: 285.616 Thread 0x000001fb4648c5a0 DEOPT PACKING pc=0x000001fb71407814 sp=0x0000009c450f8e10
Event: 285.616 Thread 0x000001fb4648c5a0 DEOPT UNPACKING pc=0x000001fb707923a3 sp=0x0000009c450f8c00 mode 2
Event: 286.185 Thread 0x000001fb46487ec0 DEOPT PACKING pc=0x000001fb6a33be32 sp=0x0000009c451febd0
Event: 286.186 Thread 0x000001fb46487ec0 DEOPT UNPACKING pc=0x000001fb70792b43 sp=0x0000009c451fe058 mode 0
Event: 297.103 Thread 0x000001fb4648cab0 Uncommon trap: trap_request=0xffffff45 fr.pc=0x000001fb712781f0 relative=0x0000000000000250
Event: 297.103 Thread 0x000001fb4648cab0 Uncommon trap: reason=unstable_if action=reinterpret pc=0x000001fb712781f0 method=java.util.concurrent.ConcurrentLinkedDeque.pollLast()Ljava/lang/Object; @ 20 c2
Event: 297.103 Thread 0x000001fb4648cab0 DEOPT PACKING pc=0x000001fb712781f0 sp=0x0000009c44df9750
Event: 297.103 Thread 0x000001fb4648cab0 DEOPT UNPACKING pc=0x000001fb707923a3 sp=0x0000009c44df9700 mode 2
Event: 300.477 Thread 0x000001fb46487ec0 Uncommon trap: trap_request=0xffffff45 fr.pc=0x000001fb714378dc relative=0x000000000000223c
Event: 300.477 Thread 0x000001fb46487ec0 Uncommon trap: reason=unstable_if action=reinterpret pc=0x000001fb714378dc method=java.time.Duration.create(JI)Ljava/time/Duration; @ 6 c2
Event: 300.477 Thread 0x000001fb46487ec0 DEOPT PACKING pc=0x000001fb714378dc sp=0x0000009c451f8a40
Event: 300.477 Thread 0x000001fb46487ec0 DEOPT UNPACKING pc=0x000001fb707923a3 sp=0x0000009c451f8650 mode 2
Event: 303.610 Thread 0x000001fb4648bb80 Uncommon trap: trap_request=0xffffff45 fr.pc=0x000001fb7142be94 relative=0x0000000000000a74
Event: 303.610 Thread 0x000001fb4648bb80 Uncommon trap: reason=unstable_if action=reinterpret pc=0x000001fb7142be94 method=java.util.concurrent.ConcurrentLinkedDeque.pollLast()Ljava/lang/Object; @ 20 c2
Event: 303.610 Thread 0x000001fb4648bb80 DEOPT PACKING pc=0x000001fb7142be94 sp=0x0000009c44bf9d50
Event: 303.610 Thread 0x000001fb4648bb80 DEOPT UNPACKING pc=0x000001fb707923a3 sp=0x0000009c44bf9cc0 mode 2
Event: 304.451 Thread 0x000001fb4648bb80 Uncommon trap: trap_request=0xfffffff4 fr.pc=0x000001fb70def24c relative=0x000000000000030c
Event: 304.451 Thread 0x000001fb4648bb80 Uncommon trap: reason=null_check action=make_not_entrant pc=0x000001fb70def24c method=org.springframework.data.repository.core.support.QueryExecutionResultHandler.processingRequired(Ljava/lang/Object;Ljava/lang/Class;)Z @ 2 c2
Event: 304.451 Thread 0x000001fb4648bb80 DEOPT PACKING pc=0x000001fb70def24c sp=0x0000009c44bfad20
Event: 304.451 Thread 0x000001fb4648bb80 DEOPT UNPACKING pc=0x000001fb707923a3 sp=0x0000009c44bfac60 mode 2

Classes unloaded (4 events):
Event: 26.815 Thread 0x000001fb7f16dcf0 Unloading class 0x000001fb01890000 'jdk/internal/reflect/GeneratedSerializationConstructorAccessor1'
Event: 131.075 Thread 0x000001fb7f16dcf0 Unloading class 0x000001fb01a2cc00 'java/lang/invoke/LambdaForm$MH+0x000001fb01a2cc00'
Event: 131.075 Thread 0x000001fb7f16dcf0 Unloading class 0x000001fb01a2c800 'java/lang/invoke/LambdaForm$MH+0x000001fb01a2c800'
Event: 131.075 Thread 0x000001fb7f16dcf0 Unloading class 0x000001fb01a24400 'java/lang/invoke/LambdaForm$DMH+0x000001fb01a24400'

Classes redefined (0 events):
No events

Internal exceptions (20 events):
Event: 49.203 Thread 0x000001fb464879b0 Exception <a 'java/lang/reflect/InvocationTargetException'{0x0000000085ce6ca8}> (0x0000000085ce6ca8) 
thrown [s\open\src\hotspot\share\runtime\reflection.cpp, line 1121]
Event: 49.265 Thread 0x000001fb46486570 Exception <a 'java/lang/reflect/InvocationTargetException'{0x0000000085ca41b0}> (0x0000000085ca41b0) 
thrown [s\open\src\hotspot\share\runtime\reflection.cpp, line 1121]
Event: 49.457 Thread 0x000001fb46486570 Implicit null exception at 0x000001fb70e029e0 to 0x000001fb70e032e0
Event: 49.605 Thread 0x000001fb464879b0 Implicit null exception at 0x000001fb70dfdec0 to 0x000001fb70dfe76c
Event: 49.606 Thread 0x000001fb464879b0 Implicit null exception at 0x000001fb710a2e17 to 0x000001fb710a2f5c
Event: 49.929 Thread 0x000001fb46486570 Exception <a 'java/lang/NoSuchMethodError'{0x000000008597a510}: 'java.lang.Object java.lang.invoke.DirectMethodHandle$Holder.invokeVirtual(java.lang.Object, java.lang.Object, java.lang.Object, java.lang.Object, java.lang.Object)'> (0x000000008597a510) 
thrown [s\open\src\hotspot\share\interpreter\linkResolver.cpp, line 759]
Event: 49.929 Thread 0x000001fb464879b0 Exception <a 'java/lang/NoSuchMethodError'{0x00000000859a23e0}: 'java.lang.Object java.lang.invoke.DirectMethodHandle$Holder.invokeVirtual(java.lang.Object, java.lang.Object, java.lang.Object, java.lang.Object, java.lang.Object)'> (0x00000000859a23e0) 
thrown [s\open\src\hotspot\share\interpreter\linkResolver.cpp, line 759]
Event: 49.978 Thread 0x000001fb464879b0 Exception <a 'java/lang/NoSuchMethodError'{0x0000000085507590}: 'void java.lang.invoke.Invokers$Holder.invoke_MT(java.lang.Object, java.lang.Object, java.lang.Object, java.lang.Object)'> (0x0000000085507590) 
thrown [s\open\src\hotspot\share\interpreter\linkResolver.cpp, line 759]
Event: 49.988 Thread 0x000001fb464879b0 Implicit null exception at 0x000001fb710668aa to 0x000001fb71066aec
Event: 49.989 Thread 0x000001fb464879b0 Exception <a 'java/lang/NoSuchMethodError'{0x0000000085542368}: 'int java.lang.invoke.DirectMethodHandle$Holder.invokeSpecial(java.lang.Object, java.lang.Object, java.lang.Object, int)'> (0x0000000085542368) 
thrown [s\open\src\hotspot\share\interpreter\linkResolver.cpp, line 759]
Event: 49.992 Thread 0x000001fb464879b0 Exception <a 'java/lang/NoSuchMethodError'{0x000000008556ce88}: 'java.lang.Object java.lang.invoke.DirectMethodHandle$Holder.invokeStatic(java.lang.Object, java.lang.Object, java.lang.Object, java.lang.Object, int)'> (0x000000008556ce88) 
thrown [s\open\src\hotspot\share\interpreter\linkResolver.cpp, line 759]
Event: 49.994 Thread 0x000001fb464879b0 Exception <a 'java/lang/NoSuchMethodError'{0x000000008558f280}: 'void java.lang.invoke.DelegatingMethodHandle$Holder.reinvoke_L(java.lang.Object, java.lang.Object, int)'> (0x000000008558f280) 
thrown [s\open\src\hotspot\share\interpreter\linkResolver.cpp, line 759]
Event: 50.405 Thread 0x000001fb4648a740 Exception <a 'java/lang/NoSuchMethodError'{0x00000000868da428}: 'java.lang.Object java.lang.invoke.Invokers$Holder.invoke_MT(java.lang.Object, java.lang.Object, java.lang.Object)'> (0x00000000868da428) 
thrown [s\open\src\hotspot\share\interpreter\linkResolver.cpp, line 759]
Event: 50.407 Thread 0x000001fb4648a740 Exception <a 'java/lang/NoSuchMethodError'{0x00000000868e13c0}: 'java.lang.Object java.lang.invoke.DirectMethodHandle$Holder.invokeInterface(java.lang.Object, java.lang.Object, int)'> (0x00000000868e13c0) 
thrown [s\open\src\hotspot\share\interpreter\linkResolver.cpp, line 759]
Event: 201.291 Thread 0x000001fb4648a740 Implicit null exception at 0x000001fb70feabb6 to 0x000001fb70feac24
Event: 220.460 Thread 0x000001fb46487ec0 Implicit null exception at 0x000001fb70dee6a0 to 0x000001fb70deecd0
Event: 220.461 Thread 0x000001fb46487ec0 Implicit null exception at 0x000001fb712be694 to 0x000001fb712beb74
Event: 220.470 Thread 0x000001fb46487ec0 Implicit null exception at 0x000001fb710472a0 to 0x000001fb7104748c
Event: 220.470 Thread 0x000001fb46487ec0 Implicit null exception at 0x000001fb7130d56e to 0x000001fb7131373c
Event: 304.451 Thread 0x000001fb4648bb80 Implicit null exception at 0x000001fb70deef88 to 0x000001fb70def230

VM Operations (20 events):
Event: 299.460 Executing VM operation: Cleanup
Event: 299.460 Executing VM operation: Cleanup done
Event: 300.473 Executing VM operation: Cleanup
Event: 300.473 Executing VM operation: Cleanup done
Event: 300.654 Executing VM operation: G1CollectForAllocation
Event: 300.657 Executing VM operation: G1CollectForAllocation done
Event: 300.727 Executing VM operation: HandshakeAllThreads
Event: 300.727 Executing VM operation: HandshakeAllThreads done
Event: 301.732 Executing VM operation: Cleanup
Event: 301.732 Executing VM operation: Cleanup done
Event: 302.747 Executing VM operation: Cleanup
Event: 302.747 Executing VM operation: Cleanup done
Event: 303.757 Executing VM operation: Cleanup
Event: 303.757 Executing VM operation: Cleanup done
Event: 304.107 Executing VM operation: HandshakeAllThreads
Event: 304.107 Executing VM operation: HandshakeAllThreads done
Event: 305.118 Executing VM operation: Cleanup
Event: 305.118 Executing VM operation: Cleanup done
Event: 305.515 Executing VM operation: G1CollectForAllocation
Event: 305.518 Executing VM operation: G1CollectForAllocation done

Events (20 events):
Event: 304.143 Thread 0x000001fb7f1949a0 flushing nmethod 0x000001fb6a27f810
Event: 304.143 Thread 0x000001fb7f1949a0 flushing nmethod 0x000001fb6a304810
Event: 304.143 Thread 0x000001fb7f1949a0 flushing nmethod 0x000001fb6a30c990
Event: 304.144 Thread 0x000001fb7f1949a0 flushing nmethod 0x000001fb6a331610
Event: 304.144 Thread 0x000001fb7f1949a0 flushing nmethod 0x000001fb6a38dd90
Event: 304.144 Thread 0x000001fb7f1949a0 flushing nmethod 0x000001fb6a390710
Event: 304.144 Thread 0x000001fb7f1949a0 flushing nmethod 0x000001fb6a396c90
Event: 304.144 Thread 0x000001fb7f1949a0 flushing nmethod 0x000001fb6a39d210
Event: 304.144 Thread 0x000001fb7f1949a0 flushing nmethod 0x000001fb6a3b5510
Event: 304.144 Thread 0x000001fb7f1949a0 flushing nmethod 0x000001fb6a3b5c10
Event: 304.145 Thread 0x000001fb7f1949a0 flushing nmethod 0x000001fb6a404510
Event: 304.145 Thread 0x000001fb7f1949a0 flushing nmethod 0x000001fb6a427410
Event: 304.145 Thread 0x000001fb7f1949a0 flushing nmethod 0x000001fb6a435f10
Event: 304.145 Thread 0x000001fb7f1949a0 flushing nmethod 0x000001fb6a436410
Event: 304.145 Thread 0x000001fb7f1949a0 flushing nmethod 0x000001fb6a436990
Event: 304.145 Thread 0x000001fb7f1949a0 flushing nmethod 0x000001fb6a437010
Event: 304.145 Thread 0x000001fb7f1949a0 flushing nmethod 0x000001fb6a43df10
Event: 304.146 Thread 0x000001fb7f1949a0 flushing nmethod 0x000001fb6a5bb590
Event: 304.403 Thread 0x000001fb4657a5c0 Thread added: 0x000001fb4657a5c0
Event: 305.168 Thread 0x000001fb4657a5c0 Thread exited: 0x000001fb4657a5c0


Dynamic libraries:
0x00007ff632c00000 - 0x00007ff632c10000 	C:\Program Files\Java\jdk-17\bin\java.exe
0x00007ffefeff0000 - 0x00007ffeff1e5000 	C:\Windows\SYSTEM32\ntdll.dll
0x00007ffefe3c0000 - 0x00007ffefe47e000 	C:\Windows\System32\KERNEL32.DLL
0x00007ffefc740000 - 0x00007ffefca08000 	C:\Windows\System32\KERNELBASE.dll
0x00007ffefcb50000 - 0x00007ffefcc50000 	C:\Windows\System32\ucrtbase.dll
0x00007ffef3640000 - 0x00007ffef3659000 	C:\Program Files\Java\jdk-17\bin\jli.dll
0x00007ffefef00000 - 0x00007ffefefac000 	C:\Windows\System32\ADVAPI32.dll
0x00007ffefe6e0000 - 0x00007ffefe77e000 	C:\Windows\System32\msvcrt.dll
0x00007ffefd7b0000 - 0x00007ffefd84b000 	C:\Windows\System32\sechost.dll
0x00007ffefd990000 - 0x00007ffefdaba000 	C:\Windows\System32\RPCRT4.dll
0x00007ffefd040000 - 0x00007ffefd1e1000 	C:\Windows\System32\USER32.dll
0x00007ffefca10000 - 0x00007ffefca32000 	C:\Windows\System32\win32u.dll
0x00007ffefe790000 - 0x00007ffefe7bb000 	C:\Windows\System32\GDI32.dll
0x00007ffefca40000 - 0x00007ffefcb4b000 	C:\Windows\System32\gdi32full.dll
0x00007ffefcf50000 - 0x00007ffefcfed000 	C:\Windows\System32\msvcp_win.dll
0x00007ffee3b40000 - 0x00007ffee3b5b000 	C:\Program Files\Java\jdk-17\bin\VCRUNTIME140.dll
0x00007ffeea3f0000 - 0x00007ffeea68a000 	C:\Windows\WinSxS\amd64_microsoft.windows.common-controls_6595b64144ccf1df_6.0.19041.1110_none_60b5254171f9507e\COMCTL32.dll
0x00007ffef5b50000 - 0x00007ffef5b5a000 	C:\Windows\SYSTEM32\VERSION.dll
0x00007ffefdac0000 - 0x00007ffefdaf0000 	C:\Windows\System32\IMM32.DLL
0x00007ffef3840000 - 0x00007ffef384c000 	C:\Program Files\Java\jdk-17\bin\vcruntime140_1.dll
0x00007ffee25c0000 - 0x00007ffee264e000 	C:\Program Files\Java\jdk-17\bin\msvcp140.dll
0x00007ffe9ee70000 - 0x00007ffe9fa4f000 	C:\Program Files\Java\jdk-17\bin\server\jvm.dll
0x00007ffefe780000 - 0x00007ffefe788000 	C:\Windows\System32\PSAPI.DLL
0x00007ffef6680000 - 0x00007ffef6689000 	C:\Windows\SYSTEM32\WSOCK32.dll
0x00007ffefd590000 - 0x00007ffefd5fb000 	C:\Windows\System32\WS2_32.dll
0x00007ffef0ee0000 - 0x00007ffef0f07000 	C:\Windows\SYSTEM32\WINMM.dll
0x00007ffefa5d0000 - 0x00007ffefa5e2000 	C:\Windows\SYSTEM32\kernel.appcore.dll
0x00007ffee67e0000 - 0x00007ffee67ea000 	C:\Program Files\Java\jdk-17\bin\jimage.dll
0x00007ffef5820000 - 0x00007ffef5a04000 	C:\Windows\SYSTEM32\DBGHELP.DLL
0x00007ffef5af0000 - 0x00007ffef5b1c000 	C:\Windows\SYSTEM32\dbgcore.DLL
0x00007ffefcc50000 - 0x00007ffefccd3000 	C:\Windows\System32\bcryptPrimitives.dll
0x00007ffee30c0000 - 0x00007ffee30e5000 	C:\Program Files\Java\jdk-17\bin\java.dll
0x00007ffee24e0000 - 0x00007ffee25b7000 	C:\Program Files\Java\jdk-17\bin\jsvml.dll
0x00007ffefe7c0000 - 0x00007ffefeeff000 	C:\Windows\System32\SHELL32.dll
0x00007ffefa7d0000 - 0x00007ffefaf60000 	C:\Windows\SYSTEM32\windows.storage.dll
0x00007ffefdaf0000 - 0x00007ffefde45000 	C:\Windows\System32\combase.dll
0x00007ffefc080000 - 0x00007ffefc0ae000 	C:\Windows\SYSTEM32\Wldp.dll
0x00007ffefd360000 - 0x00007ffefd40d000 	C:\Windows\System32\SHCORE.dll
0x00007ffefd530000 - 0x00007ffefd585000 	C:\Windows\System32\shlwapi.dll
0x00007ffefc650000 - 0x00007ffefc66f000 	C:\Windows\SYSTEM32\profapi.dll
0x00007ffee3b20000 - 0x00007ffee3b39000 	C:\Program Files\Java\jdk-17\bin\net.dll
0x00007ffef4c50000 - 0x00007ffef4d5c000 	C:\Windows\SYSTEM32\WINHTTP.dll
0x00007ffefbe60000 - 0x00007ffefbeca000 	C:\Windows\system32\mswsock.dll
0x00007ffee30a0000 - 0x00007ffee30b6000 	C:\Program Files\Java\jdk-17\bin\nio.dll
0x00007ffee3040000 - 0x00007ffee3058000 	C:\Program Files\Java\jdk-17\bin\zip.dll
0x00007ffee5d10000 - 0x00007ffee5d1a000 	C:\Program Files\Java\jdk-17\bin\management.dll
0x00007ffee5ce0000 - 0x00007ffee5ceb000 	C:\Program Files\Java\jdk-17\bin\management_ext.dll
0x00007ffee5790000 - 0x00007ffee579e000 	C:\Program Files\Java\jdk-17\bin\sunmscapi.dll
0x00007ffefcd40000 - 0x00007ffefce96000 	C:\Windows\System32\CRYPT32.dll
0x00007ffefc0f0000 - 0x00007ffefc117000 	C:\Windows\SYSTEM32\ncrypt.dll
0x00007ffefc0b0000 - 0x00007ffefc0eb000 	C:\Windows\SYSTEM32\NTASN1.dll
0x00007ffefc3c0000 - 0x00007ffefc3d8000 	C:\Windows\SYSTEM32\CRYPTSP.dll
0x00007ffefb790000 - 0x00007ffefb7c4000 	C:\Windows\system32\rsaenh.dll
0x00007ffefc710000 - 0x00007ffefc737000 	C:\Windows\System32\bcrypt.dll
0x00007ffefc610000 - 0x00007ffefc63e000 	C:\Windows\SYSTEM32\USERENV.dll
0x00007ffefbff0000 - 0x00007ffefbffc000 	C:\Windows\SYSTEM32\CRYPTBASE.dll
0x00007ffefbb20000 - 0x00007ffefbb5b000 	C:\Windows\SYSTEM32\IPHLPAPI.DLL
0x00007ffefd270000 - 0x00007ffefd278000 	C:\Windows\System32\NSI.dll
0x00007ffef6c40000 - 0x00007ffef6c57000 	C:\Windows\SYSTEM32\dhcpcsvc6.DLL
0x00007ffef6c20000 - 0x00007ffef6c3d000 	C:\Windows\SYSTEM32\dhcpcsvc.DLL
0x00007ffefbb60000 - 0x00007ffefbc2b000 	C:\Windows\SYSTEM32\DNSAPI.dll
0x00007ffee9080000 - 0x00007ffee9090000 	C:\Program Files\Java\jdk-17\bin\verify.dll
0x00007ffef3fa0000 - 0x00007ffef3faa000 	C:\Windows\System32\rasadhlp.dll
0x00007ffef3e40000 - 0x00007ffef3ebf000 	C:\Windows\System32\fwpuclnt.dll
0x00007ffee5b60000 - 0x00007ffee5b67000 	C:\Windows\system32\wshunix.dll

dbghelp: loaded successfully - version: 4.0.5 - missing functions: none
symbol engine: initialized successfully - sym options: 0x614 - pdb path: .;C:\Program Files\Java\jdk-17\bin;C:\Windows\SYSTEM32;C:\Windows\WinSxS\amd64_microsoft.windows.common-controls_6595b64144ccf1df_6.0.19041.1110_none_60b5254171f9507e;C:\Program Files\Java\jdk-17\bin\server

VM Arguments:
jvm_args: -XX:+ShowCodeDetailsInExceptionMessages 
java_command: com.app.backend.BackendApplication
java_class_path (initial): C:\Users\meriem bs\Desktop\Elife\projet_elife\projet_elife\backend\target\classes;C:\Users\meriem bs\.m2\repository\org\springframework\boot\spring-boot-starter-data-mongodb\3.3.0\spring-boot-starter-data-mongodb-3.3.0.jar;C:\Users\meriem bs\.m2\repository\org\springframework\boot\spring-boot-starter\3.3.0\spring-boot-starter-3.3.0.jar;C:\Users\meriem bs\.m2\repository\org\springframework\boot\spring-boot-starter-logging\3.3.0\spring-boot-starter-logging-3.3.0.jar;C:\Users\meriem bs\.m2\repository\ch\qos\logback\logback-classic\1.5.6\logback-classic-1.5.6.jar;C:\Users\meriem bs\.m2\repository\ch\qos\logback\logback-core\1.5.6\logback-core-1.5.6.jar;C:\Users\meriem bs\.m2\repository\org\apache\logging\log4j\log4j-to-slf4j\2.23.1\log4j-to-slf4j-2.23.1.jar;C:\Users\meriem bs\.m2\repository\org\apache\logging\log4j\log4j-api\2.23.1\log4j-api-2.23.1.jar;C:\Users\meriem bs\.m2\repository\org\slf4j\jul-to-slf4j\2.0.13\jul-to-slf4j-2.0.13.jar;C:\Users\meriem bs\.m2\repository\jakarta\annotation\jakarta.annotation-api\2.1.1\jakarta.annotation-api-2.1.1.jar;C:\Users\meriem bs\.m2\repository\org\yaml\snakeyaml\2.2\snakeyaml-2.2.jar;C:\Users\meriem bs\.m2\repository\org\mongodb\mongodb-driver-sync\5.0.1\mongodb-driver-sync-5.0.1.jar;C:\Users\meriem bs\.m2\repository\org\mongodb\bson\5.0.1\bson-5.0.1.jar;C:\Users\meriem bs\.m2\repository\org\mongodb\mongodb-driver-core\5.0.1\mongodb-driver-core-5.0.1.jar;C:\Users\meriem bs\.m2\repository\org\mongodb\bson-record-codec\5.0.1\bson-record-codec-5.0.1.jar;C:\Users\meriem bs\.m2\repository\org\springframework\data\spring-data-mongodb\4.3.0\spring-data-mongodb-4.3.0.jar;C:\Users\meriem bs\.m2\repository\org\springframework\spring-tx\6.1.8\spring-tx-6.1.8.jar;C:\Users\meriem bs\.m2\repository\org\springframework\spring-context\6.1.8\spring-context-6.1.8.jar;C:\Users\meriem bs\.m2\repository\org\springframework\spring-beans\6.1.8\spring-beans-6.1.8.jar;C:\Users\meriem bs\.m2\repository\org\springframework\spr
Launcher Type: SUN_STANDARD

[Global flags]
     intx CICompilerCount                          = 3                                         {product} {ergonomic}
     uint ConcGCThreads                            = 1                                         {product} {ergonomic}
     uint G1ConcRefinementThreads                  = 4                                         {product} {ergonomic}
   size_t G1HeapRegionSize                         = 1048576                                   {product} {ergonomic}
    uintx GCDrainStackTargetSize                   = 64                                        {product} {ergonomic}
   size_t InitialHeapSize                          = 132120576                                 {product} {ergonomic}
   size_t MarkStackSize                            = 4194304                                   {product} {ergonomic}
   size_t MaxHeapSize                              = 2113929216                                {product} {ergonomic}
   size_t MaxNewSize                               = 1267728384                                {product} {ergonomic}
   size_t MinHeapDeltaBytes                        = 1048576                                   {product} {ergonomic}
   size_t MinHeapSize                              = 8388608                                   {product} {ergonomic}
    uintx NonNMethodCodeHeapSize                   = 5832780                                {pd product} {ergonomic}
    uintx NonProfiledCodeHeapSize                  = 122912730                              {pd product} {ergonomic}
    uintx ProfiledCodeHeapSize                     = 122912730                              {pd product} {ergonomic}
    uintx ReservedCodeCacheSize                    = 251658240                              {pd product} {ergonomic}
     bool SegmentedCodeCache                       = true                                      {product} {ergonomic}
     bool ShowCodeDetailsInExceptionMessages       = true                                   {manageable} {command line}
   size_t SoftMaxHeapSize                          = 2113929216                             {manageable} {ergonomic}
     bool UseCompressedClassPointers               = true                           {product lp64_product} {ergonomic}
     bool UseCompressedOops                        = true                           {product lp64_product} {ergonomic}
     bool UseG1GC                                  = true                                      {product} {ergonomic}
     bool UseLargePagesIndividualAllocation        = false                                  {pd product} {ergonomic}

Logging:
Log output configuration:
 #0: stdout all=warning uptime,level,tags
 #1: stderr all=off uptime,level,tags

Environment Variables:
PATH=C:\Program Files\Common Files\Oracle\Java\javapath;C:\Program Files\Eclipse Adoptium\jdk-11.0.13.8-hotspot\bin;C:\Program Files (x86)\Common Files\Oracle\Java\javapath;C:\Windows\system32;C:\Windows;C:\Windows\System32\Wbem;C:\Windows\System32\WindowsPowerShell\v1.0\;C:\Windows\System32\OpenSSH\;C:\Program Files\Git\cmd;C:\Program Files\MongoDB\Server\5.0\bin;%AppData%\npm;C:\Program Files\nodejs\;;C:\Program Files\Docker\Docker\resources\bin;C:\ProgramData\DockerDesktop\version-bin;C:\Program Files (x86)\dotnet\;C:\Program Files\nodejs\;C:\Users\meriem bs\AppData\Local\Microsoft\WindowsApps;C:\Users\meriem bs\AppData\Local\Programs\Microsoft VS Code\bin;C:\Users\meriem bs\Documents\flutter\bin;C:\Users\meriem bs\AppData\Local\Android\Sdk\tools;C:\Users\meriem bs\AppData\Local\Android\Sdk\platform-tools;C:\Users\meriem bs\AppData\Local\GitHubDesktop\bin;C:\Users\meriem bs\AppData\Roaming\npm
USERNAME=meriem bs
LANG=en_US.UTF-8
OS=Windows_NT
PROCESSOR_IDENTIFIER=Intel64 Family 6 Model 142 Stepping 9, GenuineIntel



---------------  S Y S T E M  ---------------

OS:
 Windows 10 , 64 bit Build 19041 (10.0.19041.1348)
OS uptime: 4 days 15:16 hours
Hyper-V role detected

CPU: total 4 (initial active 4) (2 cores per cpu, 2 threads per core) family 6 model 142 stepping 9 microcode 0xb4, cx8, cmov, fxsr, ht, mmx, 3dnowpref, sse, sse2, sse3, ssse3, sse4.1, sse4.2, popcnt, lzcnt, tsc, tscinvbit, avx, avx2, aes, erms, clmul, bmi1, bmi2, adx, fma, vzeroupper, clflush, clflushopt, hv

Memory: 4k page, system-wide physical 8060M (772M free)
TotalPageFile size 25476M (AvailPageFile size 6M)
current process WorkingSet (physical memory assigned to process): 314M, peak: 337M
current process commit charge ("private bytes"): 437M, peak: 461M

vm_info: Java HotSpot(TM) 64-Bit Server VM (17.0.10+11-LTS-240) for windows-amd64 JRE (17.0.10+11-LTS-240), built on Dec 19 2023 21:47:25 by "mach5one" with MS VC++ 17.1 (VS2022)

END.
