#
# There is insufficient memory for the Java Runtime Environment to continue.
# Native memory allocation (malloc) failed to allocate 1115136 bytes for Chunk::new
# Possible reasons:
#   The system is out of physical RAM or swap space
#   The process is running with CompressedOops enabled, and the Java Heap may be blocking the growth of the native heap
# Possible solutions:
#   Reduce memory load on the system
#   Increase physical memory or swap space
#   Check if swap backing store is full
#   Decrease Java heap size (-Xmx/-Xms)
#   Decrease number of Java threads
#   Decrease Java thread stack sizes (-Xss)
#   Set larger code cache with -XX:ReservedCodeCacheSize=
#   JVM is running with Unscaled Compressed Oops mode in which the Java heap is
#     placed in the first 4GB address space. The Java Heap base address is the
#     maximum limit for the native heap growth. Please use -XX:HeapBaseMinAddress
#     to set the Java Heap base and to place the Java Heap above 4GB virtual address.
# This output file may be truncated or incomplete.
#
#  Out of Memory Error (arena.cpp:189), pid=3428, tid=15412
#
# JRE version: Java(TM) SE Runtime Environment (17.0.10+11) (build 17.0.10+11-LTS-240)
# Java VM: Java HotSpot(TM) 64-Bit Server VM (17.0.10+11-LTS-240, mixed mode, sharing, tiered, compressed oops, compressed class ptrs, g1 gc, windows-amd64)
# No core dump will be written. Minidumps are not enabled by default on client versions of Windows
#

---------------  S U M M A R Y ------------

Command Line: -XX:+ShowCodeDetailsInExceptionMessages com.app.backend.BackendApplication

Host: Intel(R) Core(TM) i5-7200U CPU @ 2.50GHz, 4 cores, 7G,  Windows 10 , 64 bit Build 19041 (10.0.19041.1348)
Time: Fri Jul  5 01:14:53 2024 Afr. centrale Ouest elapsed time: 4723.324891 seconds (0d 1h 18m 43s)

---------------  T H R E A D  ---------------

Current thread (0x000001b53ccfac30):  JavaThread "C2 CompilerThread0" daemon [_thread_in_native, id=15412, stack(0x00000059e5b00000,0x00000059e5c00000)]


Current CompileTask:
C2:4723325 12362   !   4       jdk.internal.reflect.GeneratedMethodAccessor15::invoke (63 bytes)

Stack: [0x00000059e5b00000,0x00000059e5c00000]
Native frames: (J=compiled Java code, j=interpreted, Vv=VM code, C=native code)
V  [jvm.dll+0x677a5a]
V  [jvm.dll+0x7d8b2d]
V  [jvm.dll+0x7da48e]
V  [jvm.dll+0x7daaf3]
V  [jvm.dll+0x2455ff]
V  [jvm.dll+0xaaafb]
V  [jvm.dll+0xab09c]
V  [jvm.dll+0x2aafef]
V  [jvm.dll+0x57fd55]
V  [jvm.dll+0x220472]
V  [jvm.dll+0x219335]
V  [jvm.dll+0x216c79]
V  [jvm.dll+0x1a3410]
V  [jvm.dll+0x226aeb]
V  [jvm.dll+0x224cab]
V  [jvm.dll+0x78e45c]
V  [jvm.dll+0x78888a]
V  [jvm.dll+0x676935]
C  [ucrtbase.dll+0x21bb2]
C  [KERNEL32.DLL+0x17034]
C  [ntdll.dll+0x52651]


---------------  P R O C E S S  ---------------

Threads class SMR info:
_java_thread_list=0x000001b57e2f5b10, length=34, elements={
0x000001b53ccd6b50, 0x000001b53ccd78e0, 0x000001b53ccedb30, 0x000001b53ccf1790,
0x000001b53ccf2270, 0x000001b53ccf5410, 0x000001b53ccfac30, 0x000001b53cd03600,
0x000001b53ccf4f00, 0x000001b53ccf5920, 0x000001b53ccf3fd0, 0x000001b53ccf2b90,
0x000001b53ccf6340, 0x000001b53ccf30a0, 0x000001b5043f54e0, 0x000001b5043f3680,
0x000001b5043ee580, 0x000001b5043eefa0, 0x000001b5043f08f0, 0x000001b5043ef4b0,
0x000001b5043f0e00, 0x000001b5043ef9c0, 0x000001b5043f2240, 0x000001b5043f4fd0,
0x000001b5043eea90, 0x000001b5043f2c60, 0x000001b5043f45b0, 0x000001b5043f2750,
0x000001b5043f1310, 0x000001b5043f1820, 0x000001b5043f3170, 0x000001b5043f3b90,
0x000001b5043f40a0, 0x000001b5043f4ac0
}

Java Threads: ( => current thread )
  0x000001b53ccd6b50 JavaThread "Reference Handler" daemon [_thread_blocked, id=13344, stack(0x00000059e5500000,0x00000059e5600000)]
  0x000001b53ccd78e0 JavaThread "Finalizer" daemon [_thread_blocked, id=9848, stack(0x00000059e5600000,0x00000059e5700000)]
  0x000001b53ccedb30 JavaThread "Signal Dispatcher" daemon [_thread_blocked, id=13100, stack(0x00000059e5700000,0x00000059e5800000)]
  0x000001b53ccf1790 JavaThread "Attach Listener" daemon [_thread_blocked, id=17300, stack(0x00000059e5800000,0x00000059e5900000)]
  0x000001b53ccf2270 JavaThread "Service Thread" daemon [_thread_blocked, id=18320, stack(0x00000059e5900000,0x00000059e5a00000)]
  0x000001b53ccf5410 JavaThread "Monitor Deflation Thread" daemon [_thread_blocked, id=15612, stack(0x00000059e5a00000,0x00000059e5b00000)]
=>0x000001b53ccfac30 JavaThread "C2 CompilerThread0" daemon [_thread_in_native, id=15412, stack(0x00000059e5b00000,0x00000059e5c00000)]
  0x000001b53cd03600 JavaThread "C1 CompilerThread0" daemon [_thread_blocked, id=13700, stack(0x00000059e5c00000,0x00000059e5d00000)]
  0x000001b53ccf4f00 JavaThread "Sweeper thread" daemon [_thread_blocked, id=6592, stack(0x00000059e5d00000,0x00000059e5e00000)]
  0x000001b53ccf5920 JavaThread "Notification Thread" daemon [_thread_blocked, id=14156, stack(0x00000059e5e00000,0x00000059e5f00000)]
  0x000001b53ccf3fd0 JavaThread "Common-Cleaner" daemon [_thread_blocked, id=16864, stack(0x00000059e6000000,0x00000059e6100000)]
  0x000001b53ccf2b90 JavaThread "HikariPool-1 housekeeper" daemon [_thread_blocked, id=16860, stack(0x00000059e6800000,0x00000059e6900000)]
  0x000001b53ccf6340 JavaThread "Catalina-utility-1" [_thread_blocked, id=15180, stack(0x00000059e6a00000,0x00000059e6b00000)]
  0x000001b53ccf30a0 JavaThread "http-nio-8080-exec-1" daemon [_thread_blocked, id=13804, stack(0x00000059e6b00000,0x00000059e6c00000)]
  0x000001b5043f54e0 JavaThread "http-nio-8080-exec-2" daemon [_thread_blocked, id=12156, stack(0x00000059e6c00000,0x00000059e6d00000)]
  0x000001b5043f3680 JavaThread "http-nio-8080-exec-3" daemon [_thread_blocked, id=8712, stack(0x00000059e6d00000,0x00000059e6e00000)]
  0x000001b5043ee580 JavaThread "http-nio-8080-exec-4" daemon [_thread_blocked, id=11452, stack(0x00000059e6e00000,0x00000059e6f00000)]
  0x000001b5043eefa0 JavaThread "http-nio-8080-exec-5" daemon [_thread_blocked, id=7768, stack(0x00000059e6f00000,0x00000059e7000000)]
  0x000001b5043f08f0 JavaThread "http-nio-8080-exec-6" daemon [_thread_blocked, id=14892, stack(0x00000059e7000000,0x00000059e7100000)]
  0x000001b5043ef4b0 JavaThread "http-nio-8080-exec-7" daemon [_thread_blocked, id=11672, stack(0x00000059e7100000,0x00000059e7200000)]
  0x000001b5043f0e00 JavaThread "http-nio-8080-exec-8" daemon [_thread_blocked, id=12844, stack(0x00000059e7200000,0x00000059e7300000)]
  0x000001b5043ef9c0 JavaThread "http-nio-8080-exec-9" daemon [_thread_blocked, id=5864, stack(0x00000059e7300000,0x00000059e7400000)]
  0x000001b5043f2240 JavaThread "http-nio-8080-exec-10" daemon [_thread_blocked, id=2252, stack(0x00000059e7400000,0x00000059e7500000)]
  0x000001b5043f4fd0 JavaThread "Catalina-utility-2" [_thread_blocked, id=16544, stack(0x00000059e7500000,0x00000059e7600000)]
  0x000001b5043eea90 JavaThread "container-0" [_thread_blocked, id=1948, stack(0x00000059e7600000,0x00000059e7700000)]
  0x000001b5043f2c60 JavaThread "BufferPoolPruner-1-thread-1" daemon [_thread_blocked, id=15876, stack(0x00000059e6900000,0x00000059e6a00000)]
  0x000001b5043f45b0 JavaThread "cluster-ClusterId{value='668728a18728974c8e08fed1', description='null'}-localhost:27017" daemon [_thread_in_native, id=13824, stack(0x00000059e7700000,0x00000059e7800000)]
  0x000001b5043f2750 JavaThread "cluster-rtt-ClusterId{value='668728a18728974c8e08fed1', description='null'}-localhost:27017" daemon [_thread_blocked, id=12356, stack(0x00000059e7800000,0x00000059e7900000)]
  0x000001b5043f1310 JavaThread "MaintenanceTimer-2-thread-1" daemon [_thread_blocked, id=7728, stack(0x00000059e7a00000,0x00000059e7b00000)]
  0x000001b5043f1820 JavaThread "Live Reload Server" daemon [_thread_in_native, id=700, stack(0x00000059e7c00000,0x00000059e7d00000)]
  0x000001b5043f3170 JavaThread "File Watcher" daemon [_thread_blocked, id=7228, stack(0x00000059e6100000,0x00000059e6200000)]
  0x000001b5043f3b90 JavaThread "http-nio-8080-Poller" daemon [_thread_in_native, id=10180, stack(0x00000059e7b00000,0x00000059e7c00000)]
  0x000001b5043f40a0 JavaThread "http-nio-8080-Acceptor" daemon [_thread_in_native, id=5352, stack(0x00000059e7d00000,0x00000059e7e00000)]
  0x000001b5043f4ac0 JavaThread "DestroyJavaVM" [_thread_blocked, id=9784, stack(0x00000059e4e00000,0x00000059e4f00000)]

Other Threads:
  0x000001b53ccd2020 VMThread "VM Thread" [stack: 0x00000059e5400000,0x00000059e5500000] [id=2112]
  0x000001b51f504790 WatcherThread [stack: 0x00000059e5f00000,0x00000059e6000000] [id=13568]
  0x000001b51f4eb540 GCTaskThread "GC Thread#0" [stack: 0x00000059e4f00000,0x00000059e5000000] [id=15916]
  0x000001b57ecb31c0 GCTaskThread "GC Thread#1" [stack: 0x00000059e6200000,0x00000059e6300000] [id=1532]
  0x000001b57f351100 GCTaskThread "GC Thread#2" [stack: 0x00000059e6300000,0x00000059e6400000] [id=11156]
  0x000001b57e7c3b10 GCTaskThread "GC Thread#3" [stack: 0x00000059e6400000,0x00000059e6500000] [id=932]
  0x000001b51f4fcfb0 ConcurrentGCThread "G1 Main Marker" [stack: 0x00000059e5000000,0x00000059e5100000] [id=15004]
  0x000001b51f4fe070 ConcurrentGCThread "G1 Conc#0" [stack: 0x00000059e5100000,0x00000059e5200000] [id=13504]
  0x000001b51f541b40 ConcurrentGCThread "G1 Refine#0" [stack: 0x00000059e5200000,0x00000059e5300000] [id=240]
  0x000001b57f5f8690 ConcurrentGCThread "G1 Refine#1" [stack: 0x00000059e6700000,0x00000059e6800000] [id=6524]
  0x000001b53cb505f0 ConcurrentGCThread "G1 Service" [stack: 0x00000059e5300000,0x00000059e5400000] [id=10692]

Threads with active compile tasks:
C2 CompilerThread0  4723420 12362   !   4       jdk.internal.reflect.GeneratedMethodAccessor15::invoke (63 bytes)

VM state: not at safepoint (normal execution)

VM Mutex/Monitor currently owned by a thread: None

Heap address: 0x0000000082000000, size: 2016 MB, Compressed Oops mode: 32-bit

CDS archive(s) mapped at: [0x000001b53d000000-0x000001b53dbd0000-0x000001b53dbd0000), size 12386304, SharedBaseAddress: 0x000001b53d000000, ArchiveRelocationMode: 1.
Compressed class space mapped at: 0x000001b53e000000-0x000001b57e000000, reserved size: 1073741824
Narrow klass base: 0x000001b53d000000, Narrow klass shift: 0, Narrow klass range: 0x100000000

GC Precious Log:
 CPUs: 4 total, 4 available
 Memory: 8060M
 Large Page Support: Disabled
 NUMA Support: Disabled
 Compressed Oops: Enabled (32-bit)
 Heap Region Size: 1M
 Heap Min Capacity: 8M
 Heap Initial Capacity: 126M
 Heap Max Capacity: 2016M
 Pre-touch: Disabled
 Parallel Workers: 4
 Concurrent Workers: 1
 Concurrent Refinement Workers: 4
 Periodic GC: Disabled

Heap:
 garbage-first heap   total 130048K, used 38161K [0x0000000082000000, 0x0000000100000000)
  region size 1024K, 5 young (5120K), 1 survivors (1024K)
 Metaspace       used 78688K, committed 79232K, reserved 1179648K
  class space    used 10235K, committed 10560K, reserved 1048576K

Heap Regions: E=young(eden), S=young(survivor), O=old, HS=humongous(starts), HC=humongous(continues), CS=collection set, F=free, OA=open archive, CA=closed archive, TAMS=top-at-mark-start (previous, next)
|   0|0x0000000082000000, 0x0000000082100000, 0x0000000082100000|100%|HS|  |TAMS 0x0000000082100000, 0x0000000082000000| Complete 
|   1|0x0000000082100000, 0x0000000082200000, 0x0000000082200000|100%| O|  |TAMS 0x0000000082200000, 0x0000000082100000| Untracked 
|   2|0x0000000082200000, 0x0000000082300000, 0x0000000082300000|100%| O|  |TAMS 0x0000000082300000, 0x0000000082200000| Untracked 
|   3|0x0000000082300000, 0x0000000082400000, 0x0000000082400000|100%| O|  |TAMS 0x0000000082400000, 0x0000000082300000| Untracked 
|   4|0x0000000082400000, 0x0000000082500000, 0x0000000082500000|100%| O|  |TAMS 0x0000000082500000, 0x0000000082400000| Untracked 
|   5|0x0000000082500000, 0x0000000082600000, 0x0000000082600000|100%| O|  |TAMS 0x0000000082600000, 0x0000000082500000| Untracked 
|   6|0x0000000082600000, 0x0000000082700000, 0x0000000082700000|100%| O|  |TAMS 0x0000000082700000, 0x0000000082600000| Untracked 
|   7|0x0000000082700000, 0x0000000082800000, 0x0000000082800000|100%| O|  |TAMS 0x0000000082800000, 0x0000000082700000| Untracked 
|   8|0x0000000082800000, 0x0000000082900000, 0x0000000082900000|100%| O|  |TAMS 0x0000000082900000, 0x0000000082800000| Untracked 
|   9|0x0000000082900000, 0x0000000082a00000, 0x0000000082a00000|100%| O|  |TAMS 0x0000000082a00000, 0x0000000082900000| Untracked 
|  10|0x0000000082a00000, 0x0000000082b00000, 0x0000000082b00000|100%| O|  |TAMS 0x0000000082b00000, 0x0000000082a00000| Untracked 
|  11|0x0000000082b00000, 0x0000000082c00000, 0x0000000082c00000|100%| O|  |TAMS 0x0000000082c00000, 0x0000000082b00000| Untracked 
|  12|0x0000000082c00000, 0x0000000082d00000, 0x0000000082d00000|100%| O|  |TAMS 0x0000000082d00000, 0x0000000082c00000| Untracked 
|  13|0x0000000082d00000, 0x0000000082e00000, 0x0000000082e00000|100%| O|  |TAMS 0x0000000082e00000, 0x0000000082d00000| Untracked 
|  14|0x0000000082e00000, 0x0000000082f00000, 0x0000000082f00000|100%| O|  |TAMS 0x0000000082f00000, 0x0000000082e00000| Untracked 
|  15|0x0000000082f00000, 0x0000000083000000, 0x0000000083000000|100%| O|  |TAMS 0x0000000083000000, 0x0000000082f00000| Untracked 
|  16|0x0000000083000000, 0x00000000830e9c00, 0x0000000083100000| 91%| O|  |TAMS 0x00000000830e9c00, 0x0000000083000000| Untracked 
|  17|0x0000000083100000, 0x0000000083121600, 0x0000000083200000| 13%| O|  |TAMS 0x0000000083101e00, 0x0000000083100000| Complete 
|  18|0x0000000083200000, 0x0000000083300000, 0x0000000083300000|100%| O|  |TAMS 0x0000000083300000, 0x0000000083200000| Untracked 
|  19|0x0000000083300000, 0x0000000083400000, 0x0000000083400000|100%| O|  |TAMS 0x0000000083400000, 0x0000000083300000| Untracked 
|  20|0x0000000083400000, 0x0000000083500000, 0x0000000083500000|100%| O|  |TAMS 0x0000000083500000, 0x0000000083400000| Untracked 
|  21|0x0000000083500000, 0x0000000083600000, 0x0000000083600000|100%| O|  |TAMS 0x0000000083600000, 0x0000000083500000| Untracked 
|  22|0x0000000083600000, 0x0000000083700000, 0x0000000083700000|100%| O|  |TAMS 0x0000000083700000, 0x0000000083600000| Untracked 
|  23|0x0000000083700000, 0x0000000083800000, 0x0000000083800000|100%| O|  |TAMS 0x0000000083800000, 0x0000000083700000| Untracked 
|  24|0x0000000083800000, 0x0000000083900000, 0x0000000083900000|100%| O|  |TAMS 0x0000000083900000, 0x0000000083800000| Untracked 
|  25|0x0000000083900000, 0x0000000083a00000, 0x0000000083a00000|100%| O|  |TAMS 0x0000000083a00000, 0x0000000083900000| Untracked 
|  26|0x0000000083a00000, 0x0000000083b00000, 0x0000000083b00000|100%| O|  |TAMS 0x0000000083b00000, 0x0000000083a00000| Untracked 
|  27|0x0000000083b00000, 0x0000000083c00000, 0x0000000083c00000|100%| O|  |TAMS 0x0000000083c00000, 0x0000000083b00000| Untracked 
|  28|0x0000000083c00000, 0x0000000083d00000, 0x0000000083d00000|100%| O|  |TAMS 0x0000000083d00000, 0x0000000083c00000| Untracked 
|  29|0x0000000083d00000, 0x0000000083d08600, 0x0000000083e00000|  3%| O|  |TAMS 0x0000000083d00000, 0x0000000083d00000| Untracked 
|  30|0x0000000083e00000, 0x0000000083e00000, 0x0000000083f00000|  0%| F|  |TAMS 0x0000000083e00000, 0x0000000083e00000| Untracked 
|  31|0x0000000083f00000, 0x0000000083f00000, 0x0000000084000000|  0%| F|  |TAMS 0x0000000083f00000, 0x0000000083f00000| Untracked 
|  32|0x0000000084000000, 0x0000000084000000, 0x0000000084100000|  0%| F|  |TAMS 0x0000000084000000, 0x0000000084000000| Untracked 
|  33|0x0000000084100000, 0x0000000084200000, 0x0000000084200000|100%| O|  |TAMS 0x0000000084200000, 0x0000000084100000| Untracked 
|  34|0x0000000084200000, 0x0000000084200000, 0x0000000084300000|  0%| F|  |TAMS 0x0000000084200000, 0x0000000084200000| Untracked 
|  35|0x0000000084300000, 0x0000000084400000, 0x0000000084400000|100%| O|  |TAMS 0x0000000084400000, 0x0000000084300000| Untracked 
|  36|0x0000000084400000, 0x0000000084500000, 0x0000000084500000|100%| O|  |TAMS 0x0000000084500000, 0x0000000084400000| Untracked 
|  37|0x0000000084500000, 0x0000000084500000, 0x0000000084600000|  0%| F|  |TAMS 0x0000000084500000, 0x0000000084500000| Untracked 
|  38|0x0000000084600000, 0x0000000084600000, 0x0000000084700000|  0%| F|  |TAMS 0x0000000084600000, 0x0000000084600000| Untracked 
|  39|0x0000000084700000, 0x0000000084800000, 0x0000000084800000|100%| O|  |TAMS 0x0000000084800000, 0x0000000084700000| Untracked 
|  40|0x0000000084800000, 0x0000000084800000, 0x0000000084900000|  0%| F|  |TAMS 0x0000000084800000, 0x0000000084800000| Untracked 
|  41|0x0000000084900000, 0x0000000084a00000, 0x0000000084a00000|100%| O|  |TAMS 0x0000000084a00000, 0x0000000084900000| Untracked 
|  42|0x0000000084a00000, 0x0000000084b00000, 0x0000000084b00000|100%| O|  |TAMS 0x0000000084b00000, 0x0000000084a00000| Untracked 
|  43|0x0000000084b00000, 0x0000000084b00000, 0x0000000084c00000|  0%| F|  |TAMS 0x0000000084b00000, 0x0000000084b00000| Untracked 
|  44|0x0000000084c00000, 0x0000000084c00000, 0x0000000084d00000|  0%| F|  |TAMS 0x0000000084c00000, 0x0000000084c00000| Untracked 
|  45|0x0000000084d00000, 0x0000000084d00000, 0x0000000084e00000|  0%| F|  |TAMS 0x0000000084d00000, 0x0000000084d00000| Untracked 
|  46|0x0000000084e00000, 0x0000000084e00000, 0x0000000084f00000|  0%| F|  |TAMS 0x0000000084e00000, 0x0000000084e00000| Untracked 
|  47|0x0000000084f00000, 0x0000000084f00000, 0x0000000085000000|  0%| F|  |TAMS 0x0000000084f00000, 0x0000000084f00000| Untracked 
|  48|0x0000000085000000, 0x0000000085000000, 0x0000000085100000|  0%| F|  |TAMS 0x0000000085000000, 0x0000000085000000| Untracked 
|  49|0x0000000085100000, 0x0000000085100000, 0x0000000085200000|  0%| F|  |TAMS 0x0000000085100000, 0x0000000085100000| Untracked 
|  50|0x0000000085200000, 0x0000000085200000, 0x0000000085300000|  0%| F|  |TAMS 0x0000000085200000, 0x0000000085200000| Untracked 
|  51|0x0000000085300000, 0x0000000085330c50, 0x0000000085400000| 19%| S|CS|TAMS 0x0000000085300000, 0x0000000085300000| Complete 
|  52|0x0000000085400000, 0x0000000085400000, 0x0000000085500000|  0%| F|  |TAMS 0x0000000085400000, 0x0000000085400000| Untracked 
|  53|0x0000000085500000, 0x0000000085500000, 0x0000000085600000|  0%| F|  |TAMS 0x0000000085500000, 0x0000000085500000| Untracked 
|  54|0x0000000085600000, 0x0000000085600000, 0x0000000085700000|  0%| F|  |TAMS 0x0000000085600000, 0x0000000085600000| Untracked 
|  55|0x0000000085700000, 0x0000000085700000, 0x0000000085800000|  0%| F|  |TAMS 0x0000000085700000, 0x0000000085700000| Untracked 
|  56|0x0000000085800000, 0x0000000085800000, 0x0000000085900000|  0%| F|  |TAMS 0x0000000085800000, 0x0000000085800000| Untracked 
|  57|0x0000000085900000, 0x0000000085900000, 0x0000000085a00000|  0%| F|  |TAMS 0x0000000085900000, 0x0000000085900000| Untracked 
|  58|0x0000000085a00000, 0x0000000085a00000, 0x0000000085b00000|  0%| F|  |TAMS 0x0000000085a00000, 0x0000000085a00000| Untracked 
|  59|0x0000000085b00000, 0x0000000085b00000, 0x0000000085c00000|  0%| F|  |TAMS 0x0000000085b00000, 0x0000000085b00000| Untracked 
|  60|0x0000000085c00000, 0x0000000085c00000, 0x0000000085d00000|  0%| F|  |TAMS 0x0000000085c00000, 0x0000000085c00000| Untracked 
|  61|0x0000000085d00000, 0x0000000085d00000, 0x0000000085e00000|  0%| F|  |TAMS 0x0000000085d00000, 0x0000000085d00000| Untracked 
|  62|0x0000000085e00000, 0x0000000085e00000, 0x0000000085f00000|  0%| F|  |TAMS 0x0000000085e00000, 0x0000000085e00000| Untracked 
|  63|0x0000000085f00000, 0x0000000085f00000, 0x0000000086000000|  0%| F|  |TAMS 0x0000000085f00000, 0x0000000085f00000| Untracked 
|  64|0x0000000086000000, 0x0000000086000000, 0x0000000086100000|  0%| F|  |TAMS 0x0000000086000000, 0x0000000086000000| Untracked 
|  65|0x0000000086100000, 0x0000000086100000, 0x0000000086200000|  0%| F|  |TAMS 0x0000000086100000, 0x0000000086100000| Untracked 
|  66|0x0000000086200000, 0x0000000086200000, 0x0000000086300000|  0%| F|  |TAMS 0x0000000086200000, 0x0000000086200000| Untracked 
|  67|0x0000000086300000, 0x0000000086300000, 0x0000000086400000|  0%| F|  |TAMS 0x0000000086300000, 0x0000000086300000| Untracked 
|  68|0x0000000086400000, 0x0000000086400000, 0x0000000086500000|  0%| F|  |TAMS 0x0000000086400000, 0x0000000086400000| Untracked 
|  69|0x0000000086500000, 0x0000000086500000, 0x0000000086600000|  0%| F|  |TAMS 0x0000000086500000, 0x0000000086500000| Untracked 
|  70|0x0000000086600000, 0x0000000086600000, 0x0000000086700000|  0%| F|  |TAMS 0x0000000086600000, 0x0000000086600000| Untracked 
|  71|0x0000000086700000, 0x0000000086700000, 0x0000000086800000|  0%| F|  |TAMS 0x0000000086700000, 0x0000000086700000| Untracked 
|  72|0x0000000086800000, 0x0000000086800000, 0x0000000086900000|  0%| F|  |TAMS 0x0000000086800000, 0x0000000086800000| Untracked 
|  73|0x0000000086900000, 0x0000000086900000, 0x0000000086a00000|  0%| F|  |TAMS 0x0000000086900000, 0x0000000086900000| Untracked 
|  74|0x0000000086a00000, 0x0000000086a00000, 0x0000000086b00000|  0%| F|  |TAMS 0x0000000086a00000, 0x0000000086a00000| Untracked 
|  75|0x0000000086b00000, 0x0000000086b00000, 0x0000000086c00000|  0%| F|  |TAMS 0x0000000086b00000, 0x0000000086b00000| Untracked 
|  76|0x0000000086c00000, 0x0000000086c00000, 0x0000000086d00000|  0%| F|  |TAMS 0x0000000086c00000, 0x0000000086c00000| Untracked 
|  77|0x0000000086d00000, 0x0000000086d00000, 0x0000000086e00000|  0%| F|  |TAMS 0x0000000086d00000, 0x0000000086d00000| Untracked 
|  78|0x0000000086e00000, 0x0000000086e00000, 0x0000000086f00000|  0%| F|  |TAMS 0x0000000086e00000, 0x0000000086e00000| Untracked 
|  79|0x0000000086f00000, 0x0000000086f00000, 0x0000000087000000|  0%| F|  |TAMS 0x0000000086f00000, 0x0000000086f00000| Untracked 
|  80|0x0000000087000000, 0x0000000087000000, 0x0000000087100000|  0%| F|  |TAMS 0x0000000087000000, 0x0000000087000000| Untracked 
|  81|0x0000000087100000, 0x0000000087100000, 0x0000000087200000|  0%| F|  |TAMS 0x0000000087100000, 0x0000000087100000| Untracked 
|  82|0x0000000087200000, 0x0000000087200000, 0x0000000087300000|  0%| F|  |TAMS 0x0000000087200000, 0x0000000087200000| Untracked 
|  83|0x0000000087300000, 0x0000000087300000, 0x0000000087400000|  0%| F|  |TAMS 0x0000000087300000, 0x0000000087300000| Untracked 
|  84|0x0000000087400000, 0x0000000087400000, 0x0000000087500000|  0%| F|  |TAMS 0x0000000087400000, 0x0000000087400000| Untracked 
|  85|0x0000000087500000, 0x0000000087500000, 0x0000000087600000|  0%| F|  |TAMS 0x0000000087500000, 0x0000000087500000| Untracked 
|  86|0x0000000087600000, 0x0000000087600000, 0x0000000087700000|  0%| F|  |TAMS 0x0000000087600000, 0x0000000087600000| Untracked 
|  87|0x0000000087700000, 0x0000000087700000, 0x0000000087800000|  0%| F|  |TAMS 0x0000000087700000, 0x0000000087700000| Untracked 
|  88|0x0000000087800000, 0x0000000087800000, 0x0000000087900000|  0%| F|  |TAMS 0x0000000087800000, 0x0000000087800000| Untracked 
|  89|0x0000000087900000, 0x0000000087900000, 0x0000000087a00000|  0%| F|  |TAMS 0x0000000087900000, 0x0000000087900000| Untracked 
|  90|0x0000000087a00000, 0x0000000087a00000, 0x0000000087b00000|  0%| F|  |TAMS 0x0000000087a00000, 0x0000000087a00000| Untracked 
|  91|0x0000000087b00000, 0x0000000087b00000, 0x0000000087c00000|  0%| F|  |TAMS 0x0000000087b00000, 0x0000000087b00000| Untracked 
|  92|0x0000000087c00000, 0x0000000087c00000, 0x0000000087d00000|  0%| F|  |TAMS 0x0000000087c00000, 0x0000000087c00000| Untracked 
|  93|0x0000000087d00000, 0x0000000087d00000, 0x0000000087e00000|  0%| F|  |TAMS 0x0000000087d00000, 0x0000000087d00000| Untracked 
|  94|0x0000000087e00000, 0x0000000087e00000, 0x0000000087f00000|  0%| F|  |TAMS 0x0000000087e00000, 0x0000000087e00000| Untracked 
|  95|0x0000000087f00000, 0x0000000087f00000, 0x0000000088000000|  0%| F|  |TAMS 0x0000000087f00000, 0x0000000087f00000| Untracked 
|  96|0x0000000088000000, 0x0000000088000000, 0x0000000088100000|  0%| F|  |TAMS 0x0000000088000000, 0x0000000088000000| Untracked 
|  97|0x0000000088100000, 0x0000000088100000, 0x0000000088200000|  0%| F|  |TAMS 0x0000000088100000, 0x0000000088100000| Untracked 
|  98|0x0000000088200000, 0x0000000088200000, 0x0000000088300000|  0%| F|  |TAMS 0x0000000088200000, 0x0000000088200000| Untracked 
|  99|0x0000000088300000, 0x0000000088300000, 0x0000000088400000|  0%| F|  |TAMS 0x0000000088300000, 0x0000000088300000| Untracked 
| 100|0x0000000088400000, 0x0000000088400000, 0x0000000088500000|  0%| F|  |TAMS 0x0000000088400000, 0x0000000088400000| Untracked 
| 101|0x0000000088500000, 0x0000000088500000, 0x0000000088600000|  0%| F|  |TAMS 0x0000000088500000, 0x0000000088500000| Untracked 
| 102|0x0000000088600000, 0x0000000088600000, 0x0000000088700000|  0%| F|  |TAMS 0x0000000088600000, 0x0000000088600000| Untracked 
| 103|0x0000000088700000, 0x0000000088700000, 0x0000000088800000|  0%| F|  |TAMS 0x0000000088700000, 0x0000000088700000| Untracked 
| 104|0x0000000088800000, 0x0000000088800000, 0x0000000088900000|  0%| F|  |TAMS 0x0000000088800000, 0x0000000088800000| Untracked 
| 105|0x0000000088900000, 0x0000000088900000, 0x0000000088a00000|  0%| F|  |TAMS 0x0000000088900000, 0x0000000088900000| Untracked 
| 106|0x0000000088a00000, 0x0000000088a00000, 0x0000000088b00000|  0%| F|  |TAMS 0x0000000088a00000, 0x0000000088a00000| Untracked 
| 107|0x0000000088b00000, 0x0000000088b00000, 0x0000000088c00000|  0%| F|  |TAMS 0x0000000088b00000, 0x0000000088b00000| Untracked 
| 108|0x0000000088c00000, 0x0000000088c00000, 0x0000000088d00000|  0%| F|  |TAMS 0x0000000088c00000, 0x0000000088c00000| Untracked 
| 109|0x0000000088d00000, 0x0000000088d00000, 0x0000000088e00000|  0%| F|  |TAMS 0x0000000088d00000, 0x0000000088d00000| Untracked 
| 110|0x0000000088e00000, 0x0000000088e00000, 0x0000000088f00000|  0%| F|  |TAMS 0x0000000088e00000, 0x0000000088e00000| Untracked 
| 111|0x0000000088f00000, 0x0000000088f00000, 0x0000000089000000|  0%| F|  |TAMS 0x0000000088f00000, 0x0000000088f00000| Untracked 
| 112|0x0000000089000000, 0x0000000089000000, 0x0000000089100000|  0%| F|  |TAMS 0x0000000089000000, 0x0000000089000000| Untracked 
| 113|0x0000000089100000, 0x0000000089100000, 0x0000000089200000|  0%| F|  |TAMS 0x0000000089100000, 0x0000000089100000| Untracked 
| 114|0x0000000089200000, 0x0000000089200000, 0x0000000089300000|  0%| F|  |TAMS 0x0000000089200000, 0x0000000089200000| Untracked 
| 115|0x0000000089300000, 0x0000000089300000, 0x0000000089400000|  0%| F|  |TAMS 0x0000000089300000, 0x0000000089300000| Untracked 
| 116|0x0000000089400000, 0x0000000089400000, 0x0000000089500000|  0%| F|  |TAMS 0x0000000089400000, 0x0000000089400000| Untracked 
| 117|0x0000000089500000, 0x0000000089500000, 0x0000000089600000|  0%| F|  |TAMS 0x0000000089500000, 0x0000000089500000| Untracked 
| 118|0x0000000089600000, 0x0000000089600000, 0x0000000089700000|  0%| F|  |TAMS 0x0000000089600000, 0x0000000089600000| Untracked 
| 119|0x0000000089700000, 0x0000000089700000, 0x0000000089800000|  0%| F|  |TAMS 0x0000000089700000, 0x0000000089700000| Untracked 
| 120|0x0000000089800000, 0x0000000089800000, 0x0000000089900000|  0%| F|  |TAMS 0x0000000089800000, 0x0000000089800000| Untracked 
| 121|0x0000000089900000, 0x0000000089900000, 0x0000000089a00000|  0%| F|  |TAMS 0x0000000089900000, 0x0000000089900000| Untracked 
| 122|0x0000000089a00000, 0x0000000089a00000, 0x0000000089b00000|  0%| F|  |TAMS 0x0000000089a00000, 0x0000000089a00000| Untracked 
| 123|0x0000000089b00000, 0x0000000089bd56a0, 0x0000000089c00000| 83%| E|  |TAMS 0x0000000089b00000, 0x0000000089b00000| Complete 
| 126|0x0000000089e00000, 0x0000000089f00000, 0x0000000089f00000|100%| E|CS|TAMS 0x0000000089e00000, 0x0000000089e00000| Complete 
| 127|0x0000000089f00000, 0x000000008a000000, 0x000000008a000000|100%| E|CS|TAMS 0x0000000089f00000, 0x0000000089f00000| Complete 
| 128|0x000000008a000000, 0x000000008a100000, 0x000000008a100000|100%| E|CS|TAMS 0x000000008a000000, 0x000000008a000000| Complete 

Card table byte_map: [0x000001b536120000,0x000001b536510000] _byte_map_base: 0x000001b535d10000

Marking Bits (Prev, Next): (CMBitMap*) 0x000001b51f4eca80, (CMBitMap*) 0x000001b51f4ecac0
 Prev Bits: [0x000001b536900000, 0x000001b538880000)
 Next Bits: [0x000001b538880000, 0x000001b53a800000)

Polling page: 0x000001b51ec50000

Metaspace:

Usage:
  Non-class:     66.85 MB used.
      Class:     10.00 MB used.
       Both:     76.84 MB used.

Virtual space:
  Non-class space:      128.00 MB reserved,      67.06 MB ( 52%) committed,  2 nodes.
      Class space:        1.00 GB reserved,      10.31 MB (  1%) committed,  1 nodes.
             Both:        1.12 GB reserved,      77.38 MB (  7%) committed. 

Chunk freelists:
   Non-Class:  12.00 MB
       Class:  5.79 MB
        Both:  17.79 MB

MaxMetaspaceSize: unlimited
CompressedClassSpaceSize: 1.00 GB
Initial GC threshold: 21.00 MB
Current GC threshold: 129.00 MB
CDS: on
MetaspaceReclaimPolicy: balanced
 - commit_granule_bytes: 65536.
 - commit_granule_words: 8192.
 - virtual_space_node_default_size: 8388608.
 - enlarge_chunks_in_place: 1.
 - new_chunks_are_fully_committed: 0.
 - uncommit_free_chunks: 1.
 - use_allocation_guard: 0.
 - handle_deallocations: 1.


Internal statistics:

num_allocs_failed_limit: 9.
num_arena_births: 858.
num_arena_deaths: 246.
num_vsnodes_births: 3.
num_vsnodes_deaths: 0.
num_space_committed: 1238.
num_space_uncommitted: 0.
num_chunks_returned_to_freelist: 284.
num_chunks_taken_from_freelist: 3898.
num_chunk_merges: 98.
num_chunk_splits: 2714.
num_chunks_enlarged: 2107.
num_inconsistent_stats: 0.

CodeHeap 'non-profiled nmethods': size=120000Kb used=9740Kb max_used=9740Kb free=110260Kb
 bounds [0x000001b52e800000, 0x000001b52f190000, 0x000001b535d30000]
CodeHeap 'profiled nmethods': size=120000Kb used=19915Kb max_used=22021Kb free=100084Kb
 bounds [0x000001b526d30000, 0x000001b5282c0000, 0x000001b52e260000]
CodeHeap 'non-nmethods': size=5760Kb used=1319Kb max_used=1443Kb free=4440Kb
 bounds [0x000001b52e260000, 0x000001b52e4d0000, 0x000001b52e800000]
 total_blobs=10557 nmethods=9912 adapters=556
 compilation: enabled
              stopped_count=0, restarted_count=0
 full_count=0

Compilation events (20 events):
Event: 4722.687 Thread 0x000001b53ccfac30 nmethod 12352 0x000001b52f173990 code [0x000001b52f173b20, 0x000001b52f173d38]
Event: 4722.688 Thread 0x000001b53ccfac30 12353       4       org.apache.coyote.http11.Http11Processor::prepareRequestProtocol (166 bytes)
Event: 4722.698 Thread 0x000001b53ccfac30 nmethod 12353 0x000001b52f173f10 code [0x000001b52f1740a0, 0x000001b52f1745b8]
Event: 4722.698 Thread 0x000001b53ccfac30 12354   !   4       org.apache.catalina.connector.CoyoteAdapter::service (893 bytes)
Event: 4722.848 Thread 0x000001b53ccfac30 nmethod 12354 0x000001b52f174810 code [0x000001b52f174d40, 0x000001b52f1778b0]
Event: 4722.848 Thread 0x000001b53ccfac30 12355       4       org.bson.BsonDocumentWriter$Context::add (45 bytes)
Event: 4722.861 Thread 0x000001b53ccfac30 nmethod 12355 0x000001b52f17a710 code [0x000001b52f17a8c0, 0x000001b52f17acb8]
Event: 4722.861 Thread 0x000001b53ccfac30 12356       4       org.apache.catalina.connector.CoyoteAdapter::doConnectorAuthenticationAuthorization (165 bytes)
Event: 4722.875 Thread 0x000001b53ccfac30 nmethod 12356 0x000001b52f17b010 code [0x000001b52f17b200, 0x000001b52f17ba30]
Event: 4722.875 Thread 0x000001b53ccfac30 12357   !   4       org.apache.catalina.core.StandardHostValve::invoke (405 bytes)
Event: 4722.958 Thread 0x000001b53ccfac30 nmethod 12357 0x000001b52f17bf90 code [0x000001b52f17c2c0, 0x000001b52f17df68]
Event: 4722.958 Thread 0x000001b53ccfac30 12358       4       org.springframework.web.filter.FormContentFilter::doFilterInternal (44 bytes)
Event: 4722.977 Thread 0x000001b53ccfac30 nmethod 12358 0x000001b52f17f790 code [0x000001b52f17f980, 0x000001b52f1801c8]
Event: 4722.979 Thread 0x000001b53ccfac30 12359       4       java.util.Collections$SetFromMap::iterator (10 bytes)
Event: 4722.991 Thread 0x000001b53ccfac30 nmethod 12359 0x000001b52f180a10 code [0x000001b52f180ba0, 0x000001b52f181058]
Event: 4722.999 Thread 0x000001b53ccfac30 12360       4       org.springframework.data.mapping.callback.EntityCallbackDiscoverer$CallbackCacheKey::hashCode (22 bytes)
Event: 4723.003 Thread 0x000001b53ccfac30 nmethod 12360 0x000001b52f181310 code [0x000001b52f1814a0, 0x000001b52f181658]
Event: 4723.003 Thread 0x000001b53ccfac30 12361       4       org.jboss.logging.Logger::tracef (31 bytes)
Event: 4723.025 Thread 0x000001b53ccfac30 nmethod 12361 0x000001b52f181790 code [0x000001b52f1819e0, 0x000001b52f182440]
Event: 4723.025 Thread 0x000001b53ccfac30 12362   !   4       jdk.internal.reflect.GeneratedMethodAccessor15::invoke (63 bytes)

GC Heap History (20 events):
Event: 4698.044 GC heap before
{Heap before GC invocations=90 (full 0):
 garbage-first heap   total 75776K, used 65321K [0x0000000082000000, 0x0000000100000000)
  region size 1024K, 30 young (30720K), 1 survivors (1024K)
 Metaspace       used 78657K, committed 79232K, reserved 1179648K
  class space    used 10229K, committed 10560K, reserved 1048576K
}
Event: 4698.049 GC heap after
{Heap after GC invocations=91 (full 0):
 garbage-first heap   total 75776K, used 35651K [0x0000000082000000, 0x0000000100000000)
  region size 1024K, 1 young (1024K), 1 survivors (1024K)
 Metaspace       used 78657K, committed 79232K, reserved 1179648K
  class space    used 10229K, committed 10560K, reserved 1048576K
}
Event: 4698.117 GC heap before
{Heap before GC invocations=91 (full 0):
 garbage-first heap   total 75776K, used 37699K [0x0000000082000000, 0x0000000100000000)
  region size 1024K, 3 young (3072K), 1 survivors (1024K)
 Metaspace       used 78657K, committed 79232K, reserved 1179648K
  class space    used 10229K, committed 10560K, reserved 1048576K
}
Event: 4698.125 GC heap after
{Heap after GC invocations=92 (full 0):
 garbage-first heap   total 75776K, used 35252K [0x0000000082000000, 0x0000000100000000)
  region size 1024K, 1 young (1024K), 1 survivors (1024K)
 Metaspace       used 78657K, committed 79232K, reserved 1179648K
  class space    used 10229K, committed 10560K, reserved 1048576K
}
Event: 4700.581 GC heap before
{Heap before GC invocations=92 (full 0):
 garbage-first heap   total 75776K, used 64948K [0x0000000082000000, 0x0000000100000000)
  region size 1024K, 30 young (30720K), 1 survivors (1024K)
 Metaspace       used 78657K, committed 79232K, reserved 1179648K
  class space    used 10230K, committed 10560K, reserved 1048576K
}
Event: 4700.585 GC heap after
{Heap after GC invocations=93 (full 0):
 garbage-first heap   total 132096K, used 35333K [0x0000000082000000, 0x0000000100000000)
  region size 1024K, 1 young (1024K), 1 survivors (1024K)
 Metaspace       used 78657K, committed 79232K, reserved 1179648K
  class space    used 10230K, committed 10560K, reserved 1048576K
}
Event: 4707.281 GC heap before
{Heap before GC invocations=94 (full 0):
 garbage-first heap   total 132096K, used 113157K [0x0000000082000000, 0x0000000100000000)
  region size 1024K, 77 young (78848K), 1 survivors (1024K)
 Metaspace       used 78668K, committed 79232K, reserved 1179648K
  class space    used 10232K, committed 10560K, reserved 1048576K
}
Event: 4707.284 GC heap after
{Heap after GC invocations=95 (full 0):
 garbage-first heap   total 132096K, used 35329K [0x0000000082000000, 0x0000000100000000)
  region size 1024K, 1 young (1024K), 1 survivors (1024K)
 Metaspace       used 78668K, committed 79232K, reserved 1179648K
  class space    used 10232K, committed 10560K, reserved 1048576K
}
Event: 4707.608 GC heap before
{Heap before GC invocations=95 (full 0):
 garbage-first heap   total 132096K, used 40449K [0x0000000082000000, 0x0000000100000000)
  region size 1024K, 6 young (6144K), 1 survivors (1024K)
 Metaspace       used 78669K, committed 79232K, reserved 1179648K
  class space    used 10232K, committed 10560K, reserved 1048576K
}
Event: 4707.613 GC heap after
{Heap after GC invocations=96 (full 0):
 garbage-first heap   total 132096K, used 35031K [0x0000000082000000, 0x0000000100000000)
  region size 1024K, 1 young (1024K), 1 survivors (1024K)
 Metaspace       used 78669K, committed 79232K, reserved 1179648K
  class space    used 10232K, committed 10560K, reserved 1048576K
}
Event: 4712.135 GC heap before
{Heap before GC invocations=96 (full 0):
 garbage-first heap   total 132096K, used 112855K [0x0000000082000000, 0x0000000100000000)
  region size 1024K, 77 young (78848K), 1 survivors (1024K)
 Metaspace       used 78674K, committed 79232K, reserved 1179648K
  class space    used 10233K, committed 10560K, reserved 1048576K
}
Event: 4712.138 GC heap after
{Heap after GC invocations=97 (full 0):
 garbage-first heap   total 132096K, used 35111K [0x0000000082000000, 0x0000000100000000)
  region size 1024K, 1 young (1024K), 1 survivors (1024K)
 Metaspace       used 78674K, committed 79232K, reserved 1179648K
  class space    used 10233K, committed 10560K, reserved 1048576K
}
Event: 4715.310 GC heap before
{Heap before GC invocations=98 (full 0):
 garbage-first heap   total 130048K, used 111911K [0x0000000082000000, 0x0000000100000000)
  region size 1024K, 76 young (77824K), 1 survivors (1024K)
 Metaspace       used 78684K, committed 79232K, reserved 1179648K
  class space    used 10235K, committed 10560K, reserved 1048576K
}
Event: 4715.312 GC heap after
{Heap after GC invocations=99 (full 0):
 garbage-first heap   total 130048K, used 35152K [0x0000000082000000, 0x0000000100000000)
  region size 1024K, 1 young (1024K), 1 survivors (1024K)
 Metaspace       used 78684K, committed 79232K, reserved 1179648K
  class space    used 10235K, committed 10560K, reserved 1048576K
}
Event: 4715.688 GC heap before
{Heap before GC invocations=99 (full 0):
 garbage-first heap   total 130048K, used 40272K [0x0000000082000000, 0x0000000100000000)
  region size 1024K, 6 young (6144K), 1 survivors (1024K)
 Metaspace       used 78684K, committed 79232K, reserved 1179648K
  class space    used 10235K, committed 10560K, reserved 1048576K
}
Event: 4715.694 GC heap after
{Heap after GC invocations=100 (full 0):
 garbage-first heap   total 130048K, used 34905K [0x0000000082000000, 0x0000000100000000)
  region size 1024K, 1 young (1024K), 1 survivors (1024K)
 Metaspace       used 78684K, committed 79232K, reserved 1179648K
  class space    used 10235K, committed 10560K, reserved 1048576K
}
Event: 4719.262 GC heap before
{Heap before GC invocations=100 (full 0):
 garbage-first heap   total 130048K, used 111705K [0x0000000082000000, 0x0000000100000000)
  region size 1024K, 76 young (77824K), 1 survivors (1024K)
 Metaspace       used 78687K, committed 79232K, reserved 1179648K
  class space    used 10235K, committed 10560K, reserved 1048576K
}
Event: 4719.264 GC heap after
{Heap after GC invocations=101 (full 0):
 garbage-first heap   total 130048K, used 35043K [0x0000000082000000, 0x0000000100000000)
  region size 1024K, 1 young (1024K), 1 survivors (1024K)
 Metaspace       used 78687K, committed 79232K, reserved 1179648K
  class space    used 10235K, committed 10560K, reserved 1048576K
}
Event: 4723.238 GC heap before
{Heap before GC invocations=102 (full 0):
 garbage-first heap   total 130048K, used 111843K [0x0000000082000000, 0x0000000100000000)
  region size 1024K, 76 young (77824K), 1 survivors (1024K)
 Metaspace       used 78688K, committed 79232K, reserved 1179648K
  class space    used 10235K, committed 10560K, reserved 1048576K
}
Event: 4723.240 GC heap after
{Heap after GC invocations=103 (full 0):
 garbage-first heap   total 130048K, used 35089K [0x0000000082000000, 0x0000000100000000)
  region size 1024K, 1 young (1024K), 1 survivors (1024K)
 Metaspace       used 78688K, committed 79232K, reserved 1179648K
  class space    used 10235K, committed 10560K, reserved 1048576K
}

Deoptimization events (20 events):
Event: 4700.602 Thread 0x000001b5043ef4b0 Uncommon trap: trap_request=0xffffffde fr.pc=0x000001b52eb405e0 relative=0x0000000000002100
Event: 4700.602 Thread 0x000001b5043ef4b0 Uncommon trap: reason=class_check action=maybe_recompile pc=0x000001b52eb405e0 method=org.springframework.util.ConcurrentReferenceHashMap$Segment.restructure(ZLorg/springframework/util/ConcurrentReferenceHashMap$Reference;)V @ 322 c2
Event: 4700.602 Thread 0x000001b5043ef4b0 DEOPT PACKING pc=0x000001b52eb405e0 sp=0x00000059e71fa030
Event: 4700.602 Thread 0x000001b5043ef4b0 DEOPT UNPACKING pc=0x000001b52e2b23a3 sp=0x00000059e71f9fe8 mode 2
Event: 4709.112 Thread 0x000001b5043f2240 Uncommon trap: trap_request=0xffffff45 fr.pc=0x000001b52f0670b8 relative=0x0000000000001718
Event: 4709.112 Thread 0x000001b5043f2240 Uncommon trap: reason=unstable_if action=reinterpret pc=0x000001b52f0670b8 method=java.time.Duration.create(JI)Ljava/time/Duration; @ 6 c2
Event: 4709.112 Thread 0x000001b5043f2240 DEOPT PACKING pc=0x000001b52f0670b8 sp=0x00000059e74f9de0
Event: 4709.112 Thread 0x000001b5043f2240 DEOPT UNPACKING pc=0x000001b52e2b23a3 sp=0x00000059e74f9a50 mode 2
Event: 4715.102 Thread 0x000001b5043f3680 Uncommon trap: trap_request=0xfffffff4 fr.pc=0x000001b52f12765c relative=0x000000000000031c
Event: 4715.102 Thread 0x000001b5043f3680 Uncommon trap: reason=null_check action=make_not_entrant pc=0x000001b52f12765c method=org.springframework.data.repository.core.support.QueryExecutionResultHandler.processingRequired(Ljava/lang/Object;Ljava/lang/Class;)Z @ 2 c2
Event: 4715.102 Thread 0x000001b5043f3680 DEOPT PACKING pc=0x000001b52f12765c sp=0x00000059e6dfa930
Event: 4715.102 Thread 0x000001b5043f3680 DEOPT UNPACKING pc=0x000001b52e2b23a3 sp=0x00000059e6dfa870 mode 2
Event: 4716.848 Thread 0x000001b5043eefa0 Uncommon trap: trap_request=0xffffff45 fr.pc=0x000001b52efd75a0 relative=0x0000000000002ac0
Event: 4716.848 Thread 0x000001b5043eefa0 Uncommon trap: reason=unstable_if action=reinterpret pc=0x000001b52efd75a0 method=java.util.concurrent.ConcurrentLinkedDeque.pollLast()Ljava/lang/Object; @ 20 c2
Event: 4716.848 Thread 0x000001b5043eefa0 DEOPT PACKING pc=0x000001b52efd75a0 sp=0x00000059e6ff8890
Event: 4716.848 Thread 0x000001b5043eefa0 DEOPT UNPACKING pc=0x000001b52e2b23a3 sp=0x00000059e6ff8678 mode 2
Event: 4721.946 Thread 0x000001b5043ee580 Uncommon trap: trap_request=0xffffff45 fr.pc=0x000001b52efa22cc relative=0x00000000000011cc
Event: 4721.949 Thread 0x000001b5043ee580 Uncommon trap: reason=unstable_if action=reinterpret pc=0x000001b52efa22cc method=java.util.concurrent.ConcurrentLinkedDeque.unlinkLast(Ljava/util/concurrent/ConcurrentLinkedDeque$Node;Ljava/util/concurrent/ConcurrentLinkedDeque$Node;)V @ 61 c2
Event: 4721.949 Thread 0x000001b5043ee580 DEOPT PACKING pc=0x000001b52efa22cc sp=0x00000059e6efa220
Event: 4721.949 Thread 0x000001b5043ee580 DEOPT UNPACKING pc=0x000001b52e2b23a3 sp=0x00000059e6efa150 mode 2

Classes unloaded (20 events):
Event: 2367.741 Thread 0x000001b53ccd2020 Unloading class 0x000001b53e114000 'java/lang/invoke/LambdaForm$MH+0x000001b53e114000'
Event: 2367.742 Thread 0x000001b53ccd2020 Unloading class 0x000001b53e039400 'java/lang/invoke/LambdaForm$MH+0x000001b53e039400'
Event: 2367.742 Thread 0x000001b53ccd2020 Unloading class 0x000001b53e039000 'java/lang/invoke/LambdaForm$MH+0x000001b53e039000'
Event: 2367.742 Thread 0x000001b53ccd2020 Unloading class 0x000001b53e038c00 'java/lang/invoke/LambdaForm$MH+0x000001b53e038c00'
Event: 2367.742 Thread 0x000001b53ccd2020 Unloading class 0x000001b53e038800 'java/lang/invoke/LambdaForm$MH+0x000001b53e038800'
Event: 2367.742 Thread 0x000001b53ccd2020 Unloading class 0x000001b53e038400 'java/lang/invoke/LambdaForm$MH+0x000001b53e038400'
Event: 2367.742 Thread 0x000001b53ccd2020 Unloading class 0x000001b53e038000 'java/lang/invoke/LambdaForm$MH+0x000001b53e038000'
Event: 2367.742 Thread 0x000001b53ccd2020 Unloading class 0x000001b53e018800 'java/lang/invoke/LambdaForm$MH+0x000001b53e018800'
Event: 2367.742 Thread 0x000001b53ccd2020 Unloading class 0x000001b53e018400 'java/lang/invoke/LambdaForm$MH+0x000001b53e018400'
Event: 2367.742 Thread 0x000001b53ccd2020 Unloading class 0x000001b53e017c00 'java/lang/invoke/LambdaForm$MH+0x000001b53e017c00'
Event: 2367.743 Thread 0x000001b53ccd2020 Unloading class 0x000001b53e017800 'java/lang/invoke/LambdaForm$MH+0x000001b53e017800'
Event: 2367.743 Thread 0x000001b53ccd2020 Unloading class 0x000001b53e016800 'java/lang/invoke/LambdaForm$MH+0x000001b53e016800'
Event: 2367.743 Thread 0x000001b53ccd2020 Unloading class 0x000001b53e016000 'java/lang/invoke/LambdaForm$MH+0x000001b53e016000'
Event: 2367.743 Thread 0x000001b53ccd2020 Unloading class 0x000001b53e015c00 'java/lang/invoke/LambdaForm$MH+0x000001b53e015c00'
Event: 2367.743 Thread 0x000001b53ccd2020 Unloading class 0x000001b53e015800 'java/lang/invoke/LambdaForm$MH+0x000001b53e015800'
Event: 2367.743 Thread 0x000001b53ccd2020 Unloading class 0x000001b53e015400 'java/lang/invoke/LambdaForm$MH+0x000001b53e015400'
Event: 2367.743 Thread 0x000001b53ccd2020 Unloading class 0x000001b53e015000 'java/lang/invoke/LambdaForm$MH+0x000001b53e015000'
Event: 2367.744 Thread 0x000001b53ccd2020 Unloading class 0x000001b53e014800 'java/lang/invoke/LambdaForm$MH+0x000001b53e014800'
Event: 2367.744 Thread 0x000001b53ccd2020 Unloading class 0x000001b53e014000 'java/lang/invoke/LambdaForm$MH+0x000001b53e014000'
Event: 4719.378 Thread 0x000001b53ccd2020 Unloading class 0x000001b53e458400 'java/lang/invoke/LambdaForm$DMH+0x000001b53e458400'

Classes redefined (0 events):
No events

Internal exceptions (20 events):
Event: 184.171 Thread 0x000001b5043ef4b0 Exception <a 'java/net/SocketException'{0x00000000864f6418}: Connection reset by peer: shutdown> (0x00000000864f6418) 
thrown [s\open\src\hotspot\share\prims\jni.cpp, line 535]
Event: 271.022 Thread 0x000001b53ccf30a0 Exception <a 'java/net/SocketException'{0x00000000869e9980}: Connection reset by peer: shutdown> (0x00000000869e9980) 
thrown [s\open\src\hotspot\share\prims\jni.cpp, line 535]
Event: 486.643 Thread 0x000001b5043ef9c0 Exception <a 'java/io/IOException'{0x000000008664d0d8}> (0x000000008664d0d8) 
thrown [s\open\src\hotspot\share\prims\jni.cpp, line 516]
Event: 554.366 Thread 0x000001b5043f08f0 Exception <a 'java/io/IOException'{0x00000000859e4c28}> (0x00000000859e4c28) 
thrown [s\open\src\hotspot\share\prims\jni.cpp, line 516]
Event: 4680.966 Thread 0x000001b5043eefa0 Implicit null exception at 0x000001b52eaa3f36 to 0x000001b52eaa4938
Event: 4680.970 Thread 0x000001b5043eefa0 Implicit null exception at 0x000001b52e9bc2d6 to 0x000001b52e9bce80
Event: 4680.976 Thread 0x000001b5043f2240 Implicit null exception at 0x000001b52ea264b6 to 0x000001b52ea26c24
Event: 4680.992 Thread 0x000001b5043eefa0 Implicit null exception at 0x000001b52ec11526 to 0x000001b52ec12525
Event: 4680.995 Thread 0x000001b5043f2240 Implicit null exception at 0x000001b52e9a11e0 to 0x000001b52e9a1274
Event: 4681.004 Thread 0x000001b5043eefa0 Implicit null exception at 0x000001b52e985340 to 0x000001b52e985e38
Event: 4681.015 Thread 0x000001b5043f2240 Implicit null exception at 0x000001b52e983840 to 0x000001b52e984320
Event: 4681.021 Thread 0x000001b5043f2240 Implicit null exception at 0x000001b52ec2e530 to 0x000001b52ec2e8e0
Event: 4681.170 Thread 0x000001b5043eefa0 Implicit null exception at 0x000001b52e8b9494 to 0x000001b52e8bf730
Event: 4681.272 Thread 0x000001b5043f2240 Implicit null exception at 0x000001b52ebe3337 to 0x000001b52ebe3409
Event: 4681.282 Thread 0x000001b5043f2240 Exception <a 'java/lang/NoSuchMethodError'{0x00000000864a6d18}: 'java.lang.Object java.lang.invoke.Invokers$Holder.invoke_MT(java.lang.Object, java.lang.Object, java.lang.Object)'> (0x00000000864a6d18) 
thrown [s\open\src\hotspot\share\interpreter\linkResolver.cpp, line 759]
Event: 4681.303 Thread 0x000001b5043f2240 Implicit null exception at 0x000001b52ee35f2a to 0x000001b52ee35fef
Event: 4681.307 Thread 0x000001b5043f2240 Exception <a 'java/lang/NoSuchMethodError'{0x00000000864b51c8}: 'java.lang.Object java.lang.invoke.DirectMethodHandle$Holder.invokeInterface(java.lang.Object, java.lang.Object, int)'> (0x00000000864b51c8) 
thrown [s\open\src\hotspot\share\interpreter\linkResolver.cpp, line 759]
Event: 4681.308 Thread 0x000001b5043eefa0 Exception <a 'java/lang/NoSuchMethodError'{0x00000000864b5650}: 'java.lang.Object java.lang.invoke.DirectMethodHandle$Holder.invokeInterface(java.lang.Object, java.lang.Object, int)'> (0x00000000864b5650) 
thrown [s\open\src\hotspot\share\interpreter\linkResolver.cpp, line 759]
Event: 4700.586 Thread 0x000001b53ccf30a0 Implicit null exception at 0x000001b52eb29660 to 0x000001b52eb29c86
Event: 4715.102 Thread 0x000001b5043f3680 Implicit null exception at 0x000001b52f127388 to 0x000001b52f12763c

VM Operations (20 events):
Event: 4716.706 Executing VM operation: Cleanup
Event: 4716.707 Executing VM operation: Cleanup done
Event: 4717.709 Executing VM operation: Cleanup
Event: 4717.709 Executing VM operation: Cleanup done
Event: 4719.262 Executing VM operation: G1CollectForAllocation
Event: 4719.265 Executing VM operation: G1CollectForAllocation done
Event: 4719.378 Executing VM operation: G1Concurrent
Event: 4719.612 Executing VM operation: G1Concurrent done
Event: 4719.672 Executing VM operation: G1Concurrent
Event: 4719.690 Executing VM operation: G1Concurrent done
Event: 4720.701 Executing VM operation: Cleanup
Event: 4720.701 Executing VM operation: Cleanup done
Event: 4721.707 Executing VM operation: Cleanup
Event: 4721.707 Executing VM operation: Cleanup done
Event: 4722.708 Executing VM operation: Cleanup
Event: 4722.709 Executing VM operation: Cleanup done
Event: 4722.875 Executing VM operation: HandshakeAllThreads
Event: 4722.875 Executing VM operation: HandshakeAllThreads done
Event: 4723.238 Executing VM operation: G1CollectForAllocation
Event: 4723.240 Executing VM operation: G1CollectForAllocation done

Events (20 events):
Event: 4700.606 Thread 0x000001b53ccf4f00 flushing nmethod 0x000001b52808b390
Event: 4700.606 Thread 0x000001b53ccf4f00 flushing nmethod 0x000001b5280ecd90
Event: 4700.607 Thread 0x000001b53ccf4f00 flushing nmethod 0x000001b528185b90
Event: 4700.607 Thread 0x000001b53ccf4f00 flushing nmethod 0x000001b5281cfe90
Event: 4700.607 Thread 0x000001b53ccf4f00 flushing nmethod 0x000001b52821af10
Event: 4700.608 Thread 0x000001b53ccf4f00 flushing nmethod 0x000001b5282a8d10
Event: 4704.521 Thread 0x000001b57e6d1120 Thread exited: 0x000001b57e6d1120
Event: 4705.209 Thread 0x000001b57e6d1120 Thread added: 0x000001b57e6d1120
Event: 4705.713 Thread 0x000001b57e6d1120 Thread exited: 0x000001b57e6d1120
Event: 4707.328 Thread 0x000001b57e6d1120 Thread added: 0x000001b57e6d1120
Event: 4707.710 Thread 0x000001b57e6d1120 Thread exited: 0x000001b57e6d1120
Event: 4709.130 Thread 0x000001b57e6d1120 Thread added: 0x000001b57e6d1120
Event: 4710.520 Thread 0x000001b57e6d1120 Thread exited: 0x000001b57e6d1120
Event: 4711.600 Thread 0x000001b50499b050 Thread added: 0x000001b50499b050
Event: 4712.224 Thread 0x000001b50499b050 Thread exited: 0x000001b50499b050
Event: 4718.645 Thread 0x000001b50499b050 Thread added: 0x000001b50499b050
Event: 4718.917 Thread 0x000001b50499b050 Thread exited: 0x000001b50499b050
Event: 4722.894 Thread 0x000001b53ccf4f00 flushing nmethod 0x000001b527d09e10
Event: 4722.895 Thread 0x000001b53ccf4f00 flushing nmethod 0x000001b527df5590
Event: 4722.895 Thread 0x000001b53ccf4f00 flushing nmethod 0x000001b527e5d890


Dynamic libraries:
0x00007ff611430000 - 0x00007ff611440000 	C:\Program Files\Java\jdk-17\bin\java.exe
0x00007ffefeff0000 - 0x00007ffeff1e5000 	C:\Windows\SYSTEM32\ntdll.dll
0x00007ffefe3c0000 - 0x00007ffefe47e000 	C:\Windows\System32\KERNEL32.DLL
0x00007ffefc740000 - 0x00007ffefca08000 	C:\Windows\System32\KERNELBASE.dll
0x00007ffefcb50000 - 0x00007ffefcc50000 	C:\Windows\System32\ucrtbase.dll
0x00007ffee30d0000 - 0x00007ffee30eb000 	C:\Program Files\Java\jdk-17\bin\VCRUNTIME140.dll
0x00007ffee30b0000 - 0x00007ffee30c9000 	C:\Program Files\Java\jdk-17\bin\jli.dll
0x00007ffefef00000 - 0x00007ffefefac000 	C:\Windows\System32\ADVAPI32.dll
0x00007ffefe6e0000 - 0x00007ffefe77e000 	C:\Windows\System32\msvcrt.dll
0x00007ffefd7b0000 - 0x00007ffefd84b000 	C:\Windows\System32\sechost.dll
0x00007ffefd990000 - 0x00007ffefdaba000 	C:\Windows\System32\RPCRT4.dll
0x00007ffefd040000 - 0x00007ffefd1e1000 	C:\Windows\System32\USER32.dll
0x00007ffefca10000 - 0x00007ffefca32000 	C:\Windows\System32\win32u.dll
0x00007ffefe790000 - 0x00007ffefe7bb000 	C:\Windows\System32\GDI32.dll
0x00007ffefca40000 - 0x00007ffefcb4b000 	C:\Windows\System32\gdi32full.dll
0x00007ffeea3f0000 - 0x00007ffeea68a000 	C:\Windows\WinSxS\amd64_microsoft.windows.common-controls_6595b64144ccf1df_6.0.19041.1110_none_60b5254171f9507e\COMCTL32.dll
0x00007ffefcf50000 - 0x00007ffefcfed000 	C:\Windows\System32\msvcp_win.dll
0x00007ffef5b50000 - 0x00007ffef5b5a000 	C:\Windows\SYSTEM32\VERSION.dll
0x00007ffefdac0000 - 0x00007ffefdaf0000 	C:\Windows\System32\IMM32.DLL
0x00007ffef3840000 - 0x00007ffef384c000 	C:\Program Files\Java\jdk-17\bin\vcruntime140_1.dll
0x00007ffee25c0000 - 0x00007ffee264e000 	C:\Program Files\Java\jdk-17\bin\msvcp140.dll
0x00007ffe9ee70000 - 0x00007ffe9fa4f000 	C:\Program Files\Java\jdk-17\bin\server\jvm.dll
0x00007ffefe780000 - 0x00007ffefe788000 	C:\Windows\System32\PSAPI.DLL
0x00007ffef6680000 - 0x00007ffef6689000 	C:\Windows\SYSTEM32\WSOCK32.dll
0x00007ffef0ee0000 - 0x00007ffef0f07000 	C:\Windows\SYSTEM32\WINMM.dll
0x00007ffefd590000 - 0x00007ffefd5fb000 	C:\Windows\System32\WS2_32.dll
0x00007ffefa5d0000 - 0x00007ffefa5e2000 	C:\Windows\SYSTEM32\kernel.appcore.dll
0x00007ffee9080000 - 0x00007ffee908a000 	C:\Program Files\Java\jdk-17\bin\jimage.dll
0x00007ffef5820000 - 0x00007ffef5a04000 	C:\Windows\SYSTEM32\DBGHELP.DLL
0x00007ffef5af0000 - 0x00007ffef5b1c000 	C:\Windows\SYSTEM32\dbgcore.DLL
0x00007ffefcc50000 - 0x00007ffefccd3000 	C:\Windows\System32\bcryptPrimitives.dll
0x00007ffee2f80000 - 0x00007ffee2fa5000 	C:\Program Files\Java\jdk-17\bin\java.dll
0x00007ffedb970000 - 0x00007ffedba47000 	C:\Program Files\Java\jdk-17\bin\jsvml.dll
0x00007ffefe7c0000 - 0x00007ffefeeff000 	C:\Windows\System32\SHELL32.dll
0x00007ffefa7d0000 - 0x00007ffefaf60000 	C:\Windows\SYSTEM32\windows.storage.dll
0x00007ffefdaf0000 - 0x00007ffefde45000 	C:\Windows\System32\combase.dll
0x00007ffefc080000 - 0x00007ffefc0ae000 	C:\Windows\SYSTEM32\Wldp.dll
0x00007ffefd360000 - 0x00007ffefd40d000 	C:\Windows\System32\SHCORE.dll
0x00007ffefd530000 - 0x00007ffefd585000 	C:\Windows\System32\shlwapi.dll
0x00007ffefc650000 - 0x00007ffefc66f000 	C:\Windows\SYSTEM32\profapi.dll
0x00007ffee3040000 - 0x00007ffee3059000 	C:\Program Files\Java\jdk-17\bin\net.dll
0x00007ffef4c50000 - 0x00007ffef4d5c000 	C:\Windows\SYSTEM32\WINHTTP.dll
0x00007ffefbe60000 - 0x00007ffefbeca000 	C:\Windows\system32\mswsock.dll
0x00007ffee2f60000 - 0x00007ffee2f76000 	C:\Program Files\Java\jdk-17\bin\nio.dll
0x00007ffee2f40000 - 0x00007ffee2f58000 	C:\Program Files\Java\jdk-17\bin\zip.dll
0x00007ffee67e0000 - 0x00007ffee67ea000 	C:\Program Files\Java\jdk-17\bin\management.dll
0x00007ffee5ce0000 - 0x00007ffee5ceb000 	C:\Program Files\Java\jdk-17\bin\management_ext.dll
0x00007ffee5790000 - 0x00007ffee579e000 	C:\Program Files\Java\jdk-17\bin\sunmscapi.dll
0x00007ffefcd40000 - 0x00007ffefce96000 	C:\Windows\System32\CRYPT32.dll
0x00007ffefc0f0000 - 0x00007ffefc117000 	C:\Windows\SYSTEM32\ncrypt.dll
0x00007ffefc0b0000 - 0x00007ffefc0eb000 	C:\Windows\SYSTEM32\NTASN1.dll
0x00007ffefc3c0000 - 0x00007ffefc3d8000 	C:\Windows\SYSTEM32\CRYPTSP.dll
0x00007ffefb790000 - 0x00007ffefb7c4000 	C:\Windows\system32\rsaenh.dll
0x00007ffefc710000 - 0x00007ffefc737000 	C:\Windows\System32\bcrypt.dll
0x00007ffefc610000 - 0x00007ffefc63e000 	C:\Windows\SYSTEM32\USERENV.dll
0x00007ffefbff0000 - 0x00007ffefbffc000 	C:\Windows\SYSTEM32\CRYPTBASE.dll
0x00007ffefbb20000 - 0x00007ffefbb5b000 	C:\Windows\SYSTEM32\IPHLPAPI.DLL
0x00007ffefd270000 - 0x00007ffefd278000 	C:\Windows\System32\NSI.dll
0x00007ffef6c40000 - 0x00007ffef6c57000 	C:\Windows\SYSTEM32\dhcpcsvc6.DLL
0x00007ffef6c20000 - 0x00007ffef6c3d000 	C:\Windows\SYSTEM32\dhcpcsvc.DLL
0x00007ffefbb60000 - 0x00007ffefbc2b000 	C:\Windows\SYSTEM32\DNSAPI.dll
0x00007ffee5b60000 - 0x00007ffee5b70000 	C:\Program Files\Java\jdk-17\bin\verify.dll
0x00007ffef3fa0000 - 0x00007ffef3faa000 	C:\Windows\System32\rasadhlp.dll
0x00007ffef3e40000 - 0x00007ffef3ebf000 	C:\Windows\System32\fwpuclnt.dll
0x00007ffee3b20000 - 0x00007ffee3b27000 	C:\Windows\system32\wshunix.dll

dbghelp: loaded successfully - version: 4.0.5 - missing functions: none
symbol engine: initialized successfully - sym options: 0x614 - pdb path: .;C:\Program Files\Java\jdk-17\bin;C:\Windows\SYSTEM32;C:\Windows\WinSxS\amd64_microsoft.windows.common-controls_6595b64144ccf1df_6.0.19041.1110_none_60b5254171f9507e;C:\Program Files\Java\jdk-17\bin\server

VM Arguments:
jvm_args: -XX:+ShowCodeDetailsInExceptionMessages 
java_command: com.app.backend.BackendApplication
java_class_path (initial): C:\Users\meriem bs\Desktop\Elife\projet_elife\projet_elife\backend\target\classes;C:\Users\meriem bs\.m2\repository\org\springframework\boot\spring-boot-starter-data-mongodb\3.3.0\spring-boot-starter-data-mongodb-3.3.0.jar;C:\Users\meriem bs\.m2\repository\org\springframework\boot\spring-boot-starter\3.3.0\spring-boot-starter-3.3.0.jar;C:\Users\meriem bs\.m2\repository\org\springframework\boot\spring-boot-starter-logging\3.3.0\spring-boot-starter-logging-3.3.0.jar;C:\Users\meriem bs\.m2\repository\ch\qos\logback\logback-classic\1.5.6\logback-classic-1.5.6.jar;C:\Users\meriem bs\.m2\repository\ch\qos\logback\logback-core\1.5.6\logback-core-1.5.6.jar;C:\Users\meriem bs\.m2\repository\org\apache\logging\log4j\log4j-to-slf4j\2.23.1\log4j-to-slf4j-2.23.1.jar;C:\Users\meriem bs\.m2\repository\org\apache\logging\log4j\log4j-api\2.23.1\log4j-api-2.23.1.jar;C:\Users\meriem bs\.m2\repository\org\slf4j\jul-to-slf4j\2.0.13\jul-to-slf4j-2.0.13.jar;C:\Users\meriem bs\.m2\repository\jakarta\annotation\jakarta.annotation-api\2.1.1\jakarta.annotation-api-2.1.1.jar;C:\Users\meriem bs\.m2\repository\org\yaml\snakeyaml\2.2\snakeyaml-2.2.jar;C:\Users\meriem bs\.m2\repository\org\mongodb\mongodb-driver-sync\5.0.1\mongodb-driver-sync-5.0.1.jar;C:\Users\meriem bs\.m2\repository\org\mongodb\bson\5.0.1\bson-5.0.1.jar;C:\Users\meriem bs\.m2\repository\org\mongodb\mongodb-driver-core\5.0.1\mongodb-driver-core-5.0.1.jar;C:\Users\meriem bs\.m2\repository\org\mongodb\bson-record-codec\5.0.1\bson-record-codec-5.0.1.jar;C:\Users\meriem bs\.m2\repository\org\springframework\data\spring-data-mongodb\4.3.0\spring-data-mongodb-4.3.0.jar;C:\Users\meriem bs\.m2\repository\org\springframework\spring-tx\6.1.8\spring-tx-6.1.8.jar;C:\Users\meriem bs\.m2\repository\org\springframework\spring-context\6.1.8\spring-context-6.1.8.jar;C:\Users\meriem bs\.m2\repository\org\springframework\spring-beans\6.1.8\spring-beans-6.1.8.jar;C:\Users\meriem bs\.m2\repository\org\springframework\spr
Launcher Type: SUN_STANDARD

[Global flags]
     intx CICompilerCount                          = 3                                         {product} {ergonomic}
     uint ConcGCThreads                            = 1                                         {product} {ergonomic}
     uint G1ConcRefinementThreads                  = 4                                         {product} {ergonomic}
   size_t G1HeapRegionSize                         = 1048576                                   {product} {ergonomic}
    uintx GCDrainStackTargetSize                   = 64                                        {product} {ergonomic}
   size_t InitialHeapSize                          = 132120576                                 {product} {ergonomic}
   size_t MarkStackSize                            = 4194304                                   {product} {ergonomic}
   size_t MaxHeapSize                              = 2113929216                                {product} {ergonomic}
   size_t MaxNewSize                               = 1267728384                                {product} {ergonomic}
   size_t MinHeapDeltaBytes                        = 1048576                                   {product} {ergonomic}
   size_t MinHeapSize                              = 8388608                                   {product} {ergonomic}
    uintx NonNMethodCodeHeapSize                   = 5832780                                {pd product} {ergonomic}
    uintx NonProfiledCodeHeapSize                  = 122912730                              {pd product} {ergonomic}
    uintx ProfiledCodeHeapSize                     = 122912730                              {pd product} {ergonomic}
    uintx ReservedCodeCacheSize                    = 251658240                              {pd product} {ergonomic}
     bool SegmentedCodeCache                       = true                                      {product} {ergonomic}
     bool ShowCodeDetailsInExceptionMessages       = true                                   {manageable} {command line}
   size_t SoftMaxHeapSize                          = 2113929216                             {manageable} {ergonomic}
     bool UseCompressedClassPointers               = true                           {product lp64_product} {ergonomic}
     bool UseCompressedOops                        = true                           {product lp64_product} {ergonomic}
     bool UseG1GC                                  = true                                      {product} {ergonomic}
     bool UseLargePagesIndividualAllocation        = false                                  {pd product} {ergonomic}

Logging:
Log output configuration:
 #0: stdout all=warning uptime,level,tags
 #1: stderr all=off uptime,level,tags

Environment Variables:
PATH=C:\Program Files\Common Files\Oracle\Java\javapath;C:\Program Files\Eclipse Adoptium\jdk-11.0.13.8-hotspot\bin;C:\Program Files (x86)\Common Files\Oracle\Java\javapath;C:\Windows\system32;C:\Windows;C:\Windows\System32\Wbem;C:\Windows\System32\WindowsPowerShell\v1.0\;C:\Windows\System32\OpenSSH\;C:\Program Files\Git\cmd;C:\Program Files\MongoDB\Server\5.0\bin;%AppData%\npm;C:\Program Files\nodejs\;;C:\Program Files\Docker\Docker\resources\bin;C:\ProgramData\DockerDesktop\version-bin;C:\Program Files (x86)\dotnet\;C:\Program Files\nodejs\;C:\Users\meriem bs\AppData\Local\Microsoft\WindowsApps;C:\Users\meriem bs\AppData\Local\Programs\Microsoft VS Code\bin;C:\Users\meriem bs\Documents\flutter\bin;C:\Users\meriem bs\AppData\Local\Android\Sdk\tools;C:\Users\meriem bs\AppData\Local\Android\Sdk\platform-tools;C:\Users\meriem bs\AppData\Local\GitHubDesktop\bin;C:\Users\meriem bs\AppData\Roaming\npm
USERNAME=meriem bs
LANG=en_US.UTF-8
OS=Windows_NT
PROCESSOR_IDENTIFIER=Intel64 Family 6 Model 142 Stepping 9, GenuineIntel



---------------  S Y S T E M  ---------------

OS:
 Windows 10 , 64 bit Build 19041 (10.0.19041.1348)
OS uptime: 4 days 14:57 hours
Hyper-V role detected

CPU: total 4 (initial active 4) (2 cores per cpu, 2 threads per core) family 6 model 142 stepping 9 microcode 0xb4, cx8, cmov, fxsr, ht, mmx, 3dnowpref, sse, sse2, sse3, ssse3, sse4.1, sse4.2, popcnt, lzcnt, tsc, tscinvbit, avx, avx2, aes, erms, clmul, bmi1, bmi2, adx, fma, vzeroupper, clflush, clflushopt, hv

Memory: 4k page, system-wide physical 8060M (1285M free)
TotalPageFile size 25231M (AvailPageFile size 3M)
current process WorkingSet (physical memory assigned to process): 316M, peak: 316M
current process commit charge ("private bytes"): 387M, peak: 399M

vm_info: Java HotSpot(TM) 64-Bit Server VM (17.0.10+11-LTS-240) for windows-amd64 JRE (17.0.10+11-LTS-240), built on Dec 19 2023 21:47:25 by "mach5one" with MS VC++ 17.1 (VS2022)

END.
